# JRE version: OpenJDK Runtime Environment (11.0.11+9) (build 11.0.11+9-b60-7590822)
# Java VM: OpenJDK 64-Bit Server VM (11.0.11+9-b60-7590822, mixed mode, tiered, compressed oops, g1 gc, windows-amd64)
Heap:
 garbage-first heap   total 131072K, used 93531K [0x0000000080000000, 0x0000000100000000)
  region size 1024K, 38 young (38912K), 5 survivors (5120K)
 Metaspace       used 79047K, capacity 80905K, committed 81192K, reserved 1120256K
  class space    used 10372K, capacity 11101K, committed 11212K, reserved 1048576K
GC Heap History (20 events):
Event: 7.667 GC heap before
{Heap before GC invocations=9 (full 0):
 garbage-first heap   total 131072K, used 79524K [0x0000000080000000, 0x0000000100000000)
  region size 1024K, 57 young (58368K), 6 survivors (6144K)
 Metaspace       used 43782K, capacity 44752K, committed 44828K, reserved 1087488K
  class space    used 5592K, capacity 5978K, committed 6016K, reserved 1048576K
}
Event: 7.673 GC heap after
{Heap after GC invocations=10 (full 0):
 garbage-first heap   total 131072K, used 29238K [0x0000000080000000, 0x0000000100000000)
  region size 1024K, 7 young (7168K), 7 survivors (7168K)
 Metaspace       used 43782K, capacity 44752K, committed 44828K, reserved 1087488K
  class space    used 5592K, capacity 5978K, committed 6016K, reserved 1048576K
}
Event: 8.541 GC heap before
{Heap before GC invocations=10 (full 0):
 garbage-first heap   total 131072K, used 83510K [0x0000000080000000, 0x0000000100000000)
  region size 1024K, 60 young (61440K), 7 survivors (7168K)
 Metaspace       used 47414K, capacity 48606K, committed 48668K, reserved 1091584K
  class space    used 6069K, capacity 6519K, committed 6528K, reserved 1048576K
}
Event: 8.548 GC heap after
{Heap after GC invocations=11 (full 0):
 garbage-first heap   total 131072K, used 31509K [0x0000000080000000, 0x0000000100000000)
  region size 1024K, 5 young (5120K), 5 survivors (5120K)
 Metaspace       used 47414K, capacity 48606K, committed 48668K, reserved 1091584K
  class space    used 6069K, capacity 6519K, committed 6528K, reserved 1048576K
}
Event: 9.545 GC heap before
{Heap before GC invocations=11 (full 0):
 garbage-first heap   total 131072K, used 93973K [0x0000000080000000, 0x0000000100000000)
  region size 1024K, 61 young (62464K), 5 survivors (5120K)
 Metaspace       used 50744K, capacity 51998K, committed 52252K, reserved 1095680K
  class space    used 6462K, capacity 6952K, committed 7040K, reserved 1048576K
}
Event: 9.554 GC heap after
{Heap after GC invocations=12 (full 0):
 garbage-first heap   total 131072K, used 44409K [0x0000000080000000, 0x0000000100000000)
  region size 1024K, 8 young (8192K), 8 survivors (8192K)
 Metaspace       used 50744K, capacity 51998K, committed 52252K, reserved 1095680K
  class space    used 6462K, capacity 6952K, committed 7040K, reserved 1048576K
}
Event: 10.312 GC heap before
{Heap before GC invocations=12 (full 0):
 garbage-first heap   total 131072K, used 93561K [0x0000000080000000, 0x0000000100000000)
  region size 1024K, 56 young (57344K), 8 survivors (8192K)
 Metaspace       used 57393K, capacity 58756K, committed 58908K, reserved 1099776K
  class space    used 7296K, capacity 7792K, committed 7808K, reserved 1048576K
}
Event: 10.319 GC heap after
{Heap after GC invocations=13 (full 0):
 garbage-first heap   total 131072K, used 46660K [0x0000000080000000, 0x0000000100000000)
  region size 1024K, 2 young (2048K), 2 survivors (2048K)
 Metaspace       used 57393K, capacity 58756K, committed 58908K, reserved 1099776K
  class space    used 7296K, capacity 7792K, committed 7808K, reserved 1048576K
}
Event: 10.603 GC heap before
{Heap before GC invocations=13 (full 0):
 garbage-first heap   total 131072K, used 55876K [0x0000000080000000, 0x0000000100000000)
  region size 1024K, 12 young (12288K), 2 survivors (2048K)
 Metaspace       used 59272K, capacity 60583K, committed 60636K, reserved 1101824K
  class space    used 7528K, capacity 8061K, committed 8064K, reserved 1048576K
}
Event: 10.607 GC heap after
{Heap after GC invocations=14 (full 0):
 garbage-first heap   total 131072K, used 47684K [0x0000000080000000, 0x0000000100000000)
  region size 1024K, 3 young (3072K), 3 survivors (3072K)
 Metaspace       used 59272K, capacity 60583K, committed 60636K, reserved 1101824K
  class space    used 7528K, capacity 8061K, committed 8064K, reserved 1048576K
}
Event: 11.124 GC heap before
{Heap before GC invocations=15 (full 0):
 garbage-first heap   total 131072K, used 85572K [0x0000000080000000, 0x0000000100000000)
  region size 1024K, 41 young (41984K), 3 survivors (3072K)
 Metaspace       used 62805K, capacity 64164K, committed 64424K, reserved 1105920K
  class space    used 7946K, capacity 8501K, committed 8524K, reserved 1048576K
}
Event: 11.131 GC heap after
{Heap after GC invocations=16 (full 0):
 garbage-first heap   total 131072K, used 50981K [0x0000000080000000, 0x0000000100000000)
  region size 1024K, 6 young (6144K), 6 survivors (6144K)
 Metaspace       used 62805K, capacity 64164K, committed 64424K, reserved 1105920K
  class space    used 7946K, capacity 8501K, committed 8524K, reserved 1048576K
}
Event: 11.548 GC heap before
{Heap before GC invocations=17 (full 0):
 garbage-first heap   total 131072K, used 89893K [0x0000000080000000, 0x0000000100000000)
  region size 1024K, 44 young (45056K), 6 survivors (6144K)
 Metaspace       used 64648K, capacity 66142K, committed 66344K, reserved 1107968K
  class space    used 8216K, capacity 8813K, committed 8908K, reserved 1048576K
}
Event: 11.556 GC heap after
{Heap after GC invocations=18 (full 0):
 garbage-first heap   total 131072K, used 53675K [0x0000000080000000, 0x0000000100000000)
  region size 1024K, 3 young (3072K), 3 survivors (3072K)
 Metaspace       used 64648K, capacity 66142K, committed 66344K, reserved 1107968K
  class space    used 8216K, capacity 8813K, committed 8908K, reserved 1048576K
}
Event: 11.978 GC heap before
{Heap before GC invocations=18 (full 0):
 garbage-first heap   total 131072K, used 92587K [0x0000000080000000, 0x0000000100000000)
  region size 1024K, 41 young (41984K), 3 survivors (3072K)
 Metaspace       used 67898K, capacity 69431K, committed 69672K, reserved 1110016K
  class space    used 8753K, capacity 9334K, committed 9420K, reserved 1048576K
}
Event: 11.982 GC heap after
{Heap after GC invocations=19 (full 0):
 garbage-first heap   total 131072K, used 55723K [0x0000000080000000, 0x0000000100000000)
  region size 1024K, 5 young (5120K), 5 survivors (5120K)
 Metaspace       used 67898K, capacity 69431K, committed 69672K, reserved 1110016K
  class space    used 8753K, capacity 9334K, committed 9420K, reserved 1048576K
}
Event: 12.496 GC heap before
{Heap before GC invocations=19 (full 0):
 garbage-first heap   total 131072K, used 95659K [0x0000000080000000, 0x0000000100000000)
  region size 1024K, 44 young (45056K), 5 survivors (5120K)
 Metaspace       used 71551K, capacity 73112K, committed 73384K, reserved 1112064K
  class space    used 9305K, capacity 9949K, committed 10060K, reserved 1048576K
}
Event: 12.504 GC heap after
{Heap after GC invocations=20 (full 0):
 garbage-first heap   total 131072K, used 58672K [0x0000000080000000, 0x0000000100000000)
  region size 1024K, 6 young (6144K), 6 survivors (6144K)
 Metaspace       used 71551K, capacity 73112K, committed 73384K, reserved 1112064K
  class space    used 9305K, capacity 9949K, committed 10060K, reserved 1048576K
}
Event: 13.127 GC heap before
{Heap before GC invocations=20 (full 0):
 garbage-first heap   total 131072K, used 97584K [0x0000000080000000, 0x0000000100000000)
  region size 1024K, 44 young (45056K), 6 survivors (6144K)
 Metaspace       used 76293K, capacity 78071K, committed 78376K, reserved 1118208K
  class space    used 9965K, capacity 10644K, committed 10700K, reserved 1048576K
}
Event: 13.134 GC heap after
{Heap after GC invocations=21 (full 0):
 garbage-first heap   total 131072K, used 60763K [0x0000000080000000, 0x0000000100000000)
  region size 1024K, 5 young (5120K), 5 survivors (5120K)
 Metaspace       used 76293K, capacity 78071K, committed 78376K, reserved 1118208K
  class space    used 9965K, capacity 10644K, committed 10700K, reserved 1048576K
}

