# JRE version: OpenJDK Runtime Environment (11.0.11+9) (build 11.0.11+9-b60-7590822)
# Java VM: OpenJDK 64-Bit Server VM (11.0.11+9-b60-7590822, mixed mode, tiered, compressed oops, g1 gc, windows-amd64)
Heap:
 garbage-first heap   total 189440K, used 92970K [0x0000000080000000, 0x0000000100000000)
  region size 1024K, 6 young (6144K), 6 survivors (6144K)
 Metaspace       used 83113K, capacity 85154K, committed 85288K, reserved 1122304K
  class space    used 10850K, capacity 11649K, committed 11724K, reserved 1048576K
GC Heap History (20 events):
Event: 6.071 GC heap after
{Heap after GC invocations=8 (full 0):
 garbage-first heap   total 131072K, used 27885K [0x0000000080000000, 0x0000000100000000)
  region size 1024K, 9 young (9216K), 9 survivors (9216K)
 Metaspace       used 39776K, capacity 40752K, committed 40988K, reserved 1085440K
  class space    used 5083K, capacity 5465K, committed 5504K, reserved 1048576K
}
Event: 6.816 GC heap before
{Heap before GC invocations=8 (full 0):
 garbage-first heap   total 131072K, used 90349K [0x0000000080000000, 0x0000000100000000)
  region size 1024K, 70 young (71680K), 9 survivors (9216K)
 Metaspace       used 45443K, capacity 46497K, committed 46620K, reserved 1089536K
  class space    used 5833K, capacity 6241K, committed 6272K, reserved 1048576K
}
Event: 6.825 GC heap after
{Heap after GC invocations=9 (full 0):
 garbage-first heap   total 131072K, used 30060K [0x0000000080000000, 0x0000000100000000)
  region size 1024K, 3 young (3072K), 3 survivors (3072K)
 Metaspace       used 45443K, capacity 46497K, committed 46620K, reserved 1089536K
  class space    used 5833K, capacity 6241K, committed 6272K, reserved 1048576K
}
Event: 7.686 GC heap before
{Heap before GC invocations=9 (full 0):
 garbage-first heap   total 131072K, used 98668K [0x0000000080000000, 0x0000000100000000)
  region size 1024K, 66 young (67584K), 3 survivors (3072K)
 Metaspace       used 47921K, capacity 49143K, committed 49308K, reserved 1091584K
  class space    used 6120K, capacity 6587K, committed 6656K, reserved 1048576K
}
Event: 7.694 GC heap after
{Heap after GC invocations=10 (full 0):
 garbage-first heap   total 157696K, used 42930K [0x0000000080000000, 0x0000000100000000)
  region size 1024K, 9 young (9216K), 9 survivors (9216K)
 Metaspace       used 47921K, capacity 49143K, committed 49308K, reserved 1091584K
  class space    used 6120K, capacity 6587K, committed 6656K, reserved 1048576K
}
Event: 8.681 GC heap before
{Heap before GC invocations=10 (full 0):
 garbage-first heap   total 157696K, used 113586K [0x0000000080000000, 0x0000000100000000)
  region size 1024K, 78 young (79872K), 9 survivors (9216K)
 Metaspace       used 57070K, capacity 58309K, committed 58396K, reserved 1099776K
  class space    used 7251K, capacity 7750K, committed 7808K, reserved 1048576K
}
Event: 8.689 GC heap after
{Heap after GC invocations=11 (full 0):
 garbage-first heap   total 157696K, used 46755K [0x0000000080000000, 0x0000000100000000)
  region size 1024K, 4 young (4096K), 4 survivors (4096K)
 Metaspace       used 57070K, capacity 58309K, committed 58396K, reserved 1099776K
  class space    used 7251K, capacity 7750K, committed 7808K, reserved 1048576K
}
Event: 8.910 GC heap before
{Heap before GC invocations=11 (full 0):
 garbage-first heap   total 157696K, used 59043K [0x0000000080000000, 0x0000000100000000)
  region size 1024K, 17 young (17408K), 4 survivors (4096K)
 Metaspace       used 59224K, capacity 60575K, committed 60636K, reserved 1101824K
  class space    used 7528K, capacity 8059K, committed 8064K, reserved 1048576K
}
Event: 8.916 GC heap after
{Heap after GC invocations=12 (full 0):
 garbage-first heap   total 157696K, used 47720K [0x0000000080000000, 0x0000000100000000)
  region size 1024K, 5 young (5120K), 5 survivors (5120K)
 Metaspace       used 59224K, capacity 60575K, committed 60636K, reserved 1101824K
  class space    used 7528K, capacity 8059K, committed 8064K, reserved 1048576K
}
Event: 9.907 GC heap before
{Heap before GC invocations=13 (full 0):
 garbage-first heap   total 157696K, used 118376K [0x0000000080000000, 0x0000000100000000)
  region size 1024K, 74 young (75776K), 5 survivors (5120K)
 Metaspace       used 64531K, capacity 65913K, committed 66088K, reserved 1105920K
  class space    used 8210K, capacity 8779K, committed 8908K, reserved 1048576K
}
Event: 9.933 GC heap after
{Heap after GC invocations=14 (full 0):
 garbage-first heap   total 157696K, used 52623K [0x0000000080000000, 0x0000000100000000)
  region size 1024K, 10 young (10240K), 10 survivors (10240K)
 Metaspace       used 64531K, capacity 65913K, committed 66088K, reserved 1105920K
  class space    used 8210K, capacity 8779K, committed 8908K, reserved 1048576K
}
Event: 10.925 GC heap before
{Heap before GC invocations=15 (full 0):
 garbage-first heap   total 157696K, used 120207K [0x0000000080000000, 0x0000000100000000)
  region size 1024K, 76 young (77824K), 10 survivors (10240K)
 Metaspace       used 70178K, capacity 71799K, committed 72104K, reserved 1112064K
  class space    used 9109K, capacity 9752K, committed 9804K, reserved 1048576K
}
Event: 10.937 GC heap after
{Heap after GC invocations=16 (full 0):
 garbage-first heap   total 157696K, used 57594K [0x0000000080000000, 0x0000000100000000)
  region size 1024K, 6 young (6144K), 6 survivors (6144K)
 Metaspace       used 70178K, capacity 71799K, committed 72104K, reserved 1112064K
  class space    used 9109K, capacity 9752K, committed 9804K, reserved 1048576K
}
Event: 11.898 GC heap before
{Heap before GC invocations=16 (full 0):
 garbage-first heap   total 157696K, used 123130K [0x0000000080000000, 0x0000000100000000)
  region size 1024K, 70 young (71680K), 6 survivors (6144K)
 Metaspace       used 77059K, capacity 78769K, committed 79016K, reserved 1118208K
  class space    used 10064K, capacity 10727K, committed 10828K, reserved 1048576K
}
Event: 11.906 GC heap after
{Heap after GC invocations=17 (full 0):
 garbage-first heap   total 157696K, used 61812K [0x0000000080000000, 0x0000000100000000)
  region size 1024K, 5 young (5120K), 5 survivors (5120K)
 Metaspace       used 77059K, capacity 78769K, committed 79016K, reserved 1118208K
  class space    used 10064K, capacity 10727K, committed 10828K, reserved 1048576K
}
Event: 12.812 GC heap before
{Heap before GC invocations=17 (full 0):
 garbage-first heap   total 157696K, used 125300K [0x0000000080000000, 0x0000000100000000)
  region size 1024K, 68 young (69632K), 5 survivors (5120K)
 Metaspace       used 80262K, capacity 82264K, committed 82472K, reserved 1120256K
  class space    used 10566K, capacity 11361K, committed 11468K, reserved 1048576K
}
Event: 12.825 GC heap after
{Heap after GC invocations=18 (full 0):
 garbage-first heap   total 157696K, used 65818K [0x0000000080000000, 0x0000000100000000)
  region size 1024K, 9 young (9216K), 9 survivors (9216K)
 Metaspace       used 80262K, capacity 82264K, committed 82472K, reserved 1120256K
  class space    used 10566K, capacity 11361K, committed 11468K, reserved 1048576K
}
Event: 13.636 GC heap before
{Heap before GC invocations=18 (full 0):
 garbage-first heap   total 157696K, used 128282K [0x0000000080000000, 0x0000000100000000)
  region size 1024K, 69 young (70656K), 9 survivors (9216K)
 Metaspace       used 82696K, capacity 84864K, committed 85032K, reserved 1122304K
  class space    used 10807K, capacity 11616K, committed 11724K, reserved 1048576K
}
Event: 13.655 GC heap after
{Heap after GC invocations=19 (full 0):
 garbage-first heap   total 157696K, used 82636K [0x0000000080000000, 0x0000000100000000)
  region size 1024K, 9 young (9216K), 9 survivors (9216K)
 Metaspace       used 82696K, capacity 84864K, committed 85032K, reserved 1122304K
  class space    used 10807K, capacity 11616K, committed 11724K, reserved 1048576K
}
Event: 13.886 GC heap before
{Heap before GC invocations=19 (full 0):
 garbage-first heap   total 157696K, used 105164K [0x0000000080000000, 0x0000000100000000)
  region size 1024K, 33 young (33792K), 9 survivors (9216K)
 Metaspace       used 83113K, capacity 85154K, committed 85288K, reserved 1122304K
  class space    used 10850K, capacity 11649K, committed 11724K, reserved 1048576K
}

