# JRE version: OpenJDK Runtime Environment (11.0.11+9) (build 11.0.11+9-b60-7590822)
# Java VM: OpenJDK 64-Bit Server VM (11.0.11+9-b60-7590822, mixed mode, tiered, compressed oops, g1 gc, windows-amd64)
Heap:
 garbage-first heap   total 131072K, used 42476K [0x0000000080000000, 0x0000000100000000)
  region size 1024K, 28 young (28672K), 2 survivors (2048K)
 Metaspace       used 23059K, capacity 23635K, committed 23804K, reserved 1073152K
  class space    used 2946K, capacity 3143K, committed 3200K, reserved 1048576K
GC Heap History (6 events):
Event: 0.814 GC heap before
{Heap before GC invocations=0 (full 0):
 garbage-first heap   total 131072K, used 29696K [0x0000000080000000, 0x0000000100000000)
  region size 1024K, 24 young (24576K), 0 survivors (0K)
 Metaspace       used 10302K, capacity 10531K, committed 10752K, reserved 1058816K
  class space    used 1079K, capacity 1170K, committed 1280K, reserved 1048576K
}
Event: 0.820 GC heap after
{Heap after GC invocations=1 (full 0):
 garbage-first heap   total 131072K, used 9656K [0x0000000080000000, 0x0000000100000000)
  region size 1024K, 3 young (3072K), 3 survivors (3072K)
 Metaspace       used 10302K, capacity 10531K, committed 10752K, reserved 1058816K
  class space    used 1079K, capacity 1170K, committed 1280K, reserved 1048576K
}
Event: 4.061 GC heap before
{Heap before GC invocations=1 (full 0):
 garbage-first heap   total 131072K, used 84408K [0x0000000080000000, 0x0000000100000000)
  region size 1024K, 76 young (77824K), 3 survivors (3072K)
 Metaspace       used 17755K, capacity 18228K, committed 18432K, reserved 1064960K
  class space    used 2097K, capacity 2251K, committed 2304K, reserved 1048576K
}
Event: 4.068 GC heap after
{Heap after GC invocations=2 (full 0):
 garbage-first heap   total 131072K, used 16503K [0x0000000080000000, 0x0000000100000000)
  region size 1024K, 10 young (10240K), 10 survivors (10240K)
 Metaspace       used 17755K, capacity 18228K, committed 18432K, reserved 1064960K
  class space    used 2097K, capacity 2251K, committed 2304K, reserved 1048576K
}
Event: 4.402 GC heap before
{Heap before GC invocations=2 (full 0):
 garbage-first heap   total 131072K, used 41079K [0x0000000080000000, 0x0000000100000000)
  region size 1024K, 35 young (35840K), 10 survivors (10240K)
 Metaspace       used 20764K, capacity 21177K, committed 21296K, reserved 1069056K
  class space    used 2541K, capacity 2659K, committed 2688K, reserved 1048576K
}
Event: 4.408 GC heap after
{Heap after GC invocations=3 (full 0):
 garbage-first heap   total 131072K, used 17900K [0x0000000080000000, 0x0000000100000000)
  region size 1024K, 2 young (2048K), 2 survivors (2048K)
 Metaspace       used 20764K, capacity 21177K, committed 21296K, reserved 1069056K
  class space    used 2541K, capacity 2659K, committed 2688K, reserved 1048576K
}

