# JRE version: OpenJDK Runtime Environment (11.0.11+9) (build 11.0.11+9-b60-7590822)
# Java VM: OpenJDK 64-Bit Server VM (11.0.11+9-b60-7590822, mixed mode, tiered, compressed oops, g1 gc, windows-amd64)
Heap:
 garbage-first heap   total 131072K, used 93471K [0x0000000080000000, 0x0000000100000000)
  region size 1024K, 61 young (62464K), 9 survivors (9216K)
 Metaspace       used 54196K, capacity 55465K, committed 55760K, reserved 1097728K
  class space    used 6937K, capacity 7403K, committed 7500K, reserved 1048576K
GC Heap History (18 events):
Event: 2.440 GC heap before
{Heap before GC invocations=0 (full 0):
 garbage-first heap   total 131072K, used 29696K [0x0000000080000000, 0x0000000100000000)
  region size 1024K, 24 young (24576K), 0 survivors (0K)
 Metaspace       used 10300K, capacity 10531K, committed 10752K, reserved 1058816K
  class space    used 1079K, capacity 1170K, committed 1280K, reserved 1048576K
}
Event: 2.447 GC heap after
{Heap after GC invocations=1 (full 0):
 garbage-first heap   total 131072K, used 9949K [0x0000000080000000, 0x0000000100000000)
  region size 1024K, 3 young (3072K), 3 survivors (3072K)
 Metaspace       used 10300K, capacity 10531K, committed 10752K, reserved 1058816K
  class space    used 1079K, capacity 1170K, committed 1280K, reserved 1048576K
}
Event: 3.022 GC heap before
{Heap before GC invocations=1 (full 0):
 garbage-first heap   total 131072K, used 30429K [0x0000000080000000, 0x0000000100000000)
  region size 1024K, 23 young (23552K), 3 survivors (3072K)
 Metaspace       used 11298K, capacity 11552K, committed 11776K, reserved 1060864K
  class space    used 1186K, capacity 1276K, committed 1280K, reserved 1048576K
}
Event: 3.026 GC heap after
{Heap after GC invocations=2 (full 0):
 garbage-first heap   total 131072K, used 10108K [0x0000000080000000, 0x0000000100000000)
  region size 1024K, 1 young (1024K), 1 survivors (1024K)
 Metaspace       used 11298K, capacity 11552K, committed 11776K, reserved 1060864K
  class space    used 1186K, capacity 1276K, committed 1280K, reserved 1048576K
}
Event: 7.423 GC heap before
{Heap before GC invocations=2 (full 0):
 garbage-first heap   total 131072K, used 69500K [0x0000000080000000, 0x0000000100000000)
  region size 1024K, 59 young (60416K), 1 survivors (1024K)
 Metaspace       used 18644K, capacity 19074K, committed 19328K, reserved 1067008K
  class space    used 2226K, capacity 2384K, committed 2432K, reserved 1048576K
}
Event: 7.429 GC heap after
{Heap after GC invocations=3 (full 0):
 garbage-first heap   total 131072K, used 16845K [0x0000000080000000, 0x0000000100000000)
  region size 1024K, 8 young (8192K), 8 survivors (8192K)
 Metaspace       used 18644K, capacity 19074K, committed 19328K, reserved 1067008K
  class space    used 2226K, capacity 2384K, committed 2432K, reserved 1048576K
}
Event: 7.851 GC heap before
{Heap before GC invocations=3 (full 0):
 garbage-first heap   total 131072K, used 35277K [0x0000000080000000, 0x0000000100000000)
  region size 1024K, 27 young (27648K), 8 survivors (8192K)
 Metaspace       used 20751K, capacity 21177K, committed 21296K, reserved 1069056K
  class space    used 2536K, capacity 2659K, committed 2688K, reserved 1048576K
}
Event: 7.862 GC heap after
{Heap after GC invocations=4 (full 0):
 garbage-first heap   total 131072K, used 17546K [0x0000000080000000, 0x0000000100000000)
  region size 1024K, 1 young (1024K), 1 survivors (1024K)
 Metaspace       used 20751K, capacity 21177K, committed 21296K, reserved 1069056K
  class space    used 2536K, capacity 2659K, committed 2688K, reserved 1048576K
}
Event: 9.184 GC heap before
{Heap before GC invocations=5 (full 0):
 garbage-first heap   total 131072K, used 83082K [0x0000000080000000, 0x0000000100000000)
  region size 1024K, 65 young (66560K), 1 survivors (1024K)
 Metaspace       used 26985K, capacity 27677K, committed 27772K, reserved 1073152K
  class space    used 3549K, capacity 3771K, committed 3788K, reserved 1048576K
}
Event: 9.188 GC heap after
{Heap after GC invocations=6 (full 0):
 garbage-first heap   total 131072K, used 19691K [0x0000000080000000, 0x0000000100000000)
  region size 1024K, 3 young (3072K), 3 survivors (3072K)
 Metaspace       used 26985K, capacity 27677K, committed 27772K, reserved 1073152K
  class space    used 3549K, capacity 3771K, committed 3788K, reserved 1048576K
}
Event: 10.443 GC heap before
{Heap before GC invocations=6 (full 0):
 garbage-first heap   total 131072K, used 66795K [0x0000000080000000, 0x0000000100000000)
  region size 1024K, 50 young (51200K), 3 survivors (3072K)
 Metaspace       used 35185K, capacity 35954K, committed 36048K, reserved 1081344K
  class space    used 4565K, capacity 4895K, committed 4940K, reserved 1048576K
}
Event: 10.454 GC heap after
{Heap after GC invocations=7 (full 0):
 garbage-first heap   total 131072K, used 23122K [0x0000000080000000, 0x0000000100000000)
  region size 1024K, 7 young (7168K), 7 survivors (7168K)
 Metaspace       used 35185K, capacity 35954K, committed 36048K, reserved 1081344K
  class space    used 4565K, capacity 4895K, committed 4940K, reserved 1048576K
}
Event: 11.545 GC heap before
{Heap before GC invocations=8 (full 0):
 garbage-first heap   total 131072K, used 87634K [0x0000000080000000, 0x0000000100000000)
  region size 1024K, 68 young (69632K), 7 survivors (7168K)
 Metaspace       used 39591K, capacity 40573K, committed 40656K, reserved 1085440K
  class space    used 5074K, capacity 5427K, committed 5452K, reserved 1048576K
}
Event: 11.555 GC heap after
{Heap after GC invocations=9 (full 0):
 garbage-first heap   total 131072K, used 28242K [0x0000000080000000, 0x0000000100000000)
  region size 1024K, 9 young (9216K), 9 survivors (9216K)
 Metaspace       used 39591K, capacity 40573K, committed 40656K, reserved 1085440K
  class space    used 5074K, capacity 5427K, committed 5452K, reserved 1048576K
}
Event: 13.304 GC heap before
{Heap before GC invocations=9 (full 0):
 garbage-first heap   total 131072K, used 89682K [0x0000000080000000, 0x0000000100000000)
  region size 1024K, 69 young (70656K), 9 survivors (9216K)
 Metaspace       used 45352K, capacity 46418K, committed 46672K, reserved 1089536K
  class space    used 5823K, capacity 6237K, committed 6348K, reserved 1048576K
}
Event: 13.315 GC heap after
{Heap after GC invocations=10 (full 0):
 garbage-first heap   total 131072K, used 30031K [0x0000000080000000, 0x0000000100000000)
  region size 1024K, 3 young (3072K), 3 survivors (3072K)
 Metaspace       used 45352K, capacity 46418K, committed 46672K, reserved 1089536K
  class space    used 5823K, capacity 6237K, committed 6348K, reserved 1048576K
}
Event: 15.785 GC heap before
{Heap before GC invocations=10 (full 0):
 garbage-first heap   total 131072K, used 96591K [0x0000000080000000, 0x0000000100000000)
  region size 1024K, 65 young (66560K), 3 survivors (3072K)
 Metaspace       used 48037K, capacity 49239K, committed 49616K, reserved 1091584K
  class space    used 6135K, capacity 6597K, committed 6732K, reserved 1048576K
}
Event: 15.792 GC heap after
{Heap after GC invocations=11 (full 0):
 garbage-first heap   total 131072K, used 39199K [0x0000000080000000, 0x0000000100000000)
  region size 1024K, 9 young (9216K), 9 survivors (9216K)
 Metaspace       used 48037K, capacity 49239K, committed 49616K, reserved 1091584K
  class space    used 6135K, capacity 6597K, committed 6732K, reserved 1048576K
}

