# JRE version: OpenJDK Runtime Environment (11.0.11+9) (build 11.0.11+9-b60-7590822)
# Java VM: OpenJDK 64-Bit Server VM (11.0.11+9-b60-7590822, mixed mode, tiered, compressed oops, g1 gc, windows-amd64)
Heap:
 garbage-first heap   total 189440K, used 126046K [0x0000000080000000, 0x0000000100000000)
  region size 1024K, 9 young (9216K), 5 survivors (5120K)
 Metaspace       used 114979K, capacity 118190K, committed 118608K, reserved 1150976K
  class space    used 14757K, capacity 15990K, committed 16256K, reserved 1048576K
GC Heap History (20 events):
Event: 28.967 GC heap before
{Heap before GC invocations=40 (full 0):
 garbage-first heap   total 189440K, used 143670K [0x0000000080000000, 0x0000000100000000)
  region size 1024K, 39 young (39936K), 3 survivors (3072K)
 Metaspace       used 110823K, capacity 113830K, committed 114896K, reserved 1148928K
  class space    used 14476K, capacity 15621K, committed 16128K, reserved 1048576K
}
Event: 28.971 GC heap after
{Heap after GC invocations=41 (full 0):
 garbage-first heap   total 189440K, used 105206K [0x0000000080000000, 0x0000000100000000)
  region size 1024K, 2 young (2048K), 2 survivors (2048K)
 Metaspace       used 110823K, capacity 113830K, committed 114896K, reserved 1148928K
  class space    used 14476K, capacity 15621K, committed 16128K, reserved 1048576K
}
Event: 29.061 GC heap before
{Heap before GC invocations=41 (full 0):
 garbage-first heap   total 189440K, used 112374K [0x0000000080000000, 0x0000000100000000)
  region size 1024K, 9 young (9216K), 2 survivors (2048K)
 Metaspace       used 110947K, capacity 113982K, committed 115152K, reserved 1148928K
  class space    used 14491K, capacity 15631K, committed 16128K, reserved 1048576K
}
Event: 29.064 GC heap after
{Heap after GC invocations=42 (full 0):
 garbage-first heap   total 189440K, used 102784K [0x0000000080000000, 0x0000000100000000)
  region size 1024K, 1 young (1024K), 1 survivors (1024K)
 Metaspace       used 110947K, capacity 113982K, committed 115152K, reserved 1148928K
  class space    used 14491K, capacity 15631K, committed 16128K, reserved 1048576K
}
Event: 151.688 GC heap before
{Heap before GC invocations=42 (full 0):
 garbage-first heap   total 189440K, used 156032K [0x0000000080000000, 0x0000000100000000)
  region size 1024K, 42 young (43008K), 1 survivors (1024K)
 Metaspace       used 112845K, capacity 115989K, committed 116560K, reserved 1148928K
  class space    used 14728K, capacity 15943K, committed 16256K, reserved 1048576K
}
Event: 151.694 GC heap after
{Heap after GC invocations=43 (full 0):
 garbage-first heap   total 189440K, used 104755K [0x0000000080000000, 0x0000000100000000)
  region size 1024K, 3 young (3072K), 3 survivors (3072K)
 Metaspace       used 112845K, capacity 115989K, committed 116560K, reserved 1148928K
  class space    used 14728K, capacity 15943K, committed 16256K, reserved 1048576K
}
Event: 152.557 GC heap before
{Heap before GC invocations=44 (full 0):
 garbage-first heap   total 189440K, used 146739K [0x0000000080000000, 0x0000000100000000)
  region size 1024K, 45 young (46080K), 3 survivors (3072K)
 Metaspace       used 113153K, capacity 116225K, committed 117072K, reserved 1150976K
  class space    used 14688K, capacity 15871K, committed 16256K, reserved 1048576K
}
Event: 152.565 GC heap after
{Heap after GC invocations=45 (full 0):
 garbage-first heap   total 189440K, used 109187K [0x0000000080000000, 0x0000000100000000)
  region size 1024K, 6 young (6144K), 6 survivors (6144K)
 Metaspace       used 113153K, capacity 116225K, committed 117072K, reserved 1150976K
  class space    used 14688K, capacity 15871K, committed 16256K, reserved 1048576K
}
Event: 155.561 GC heap before
{Heap before GC invocations=45 (full 0):
 garbage-first heap   total 189440K, used 112259K [0x0000000080000000, 0x0000000100000000)
  region size 1024K, 9 young (9216K), 6 survivors (6144K)
 Metaspace       used 113192K, capacity 116290K, committed 117072K, reserved 1150976K
  class space    used 14690K, capacity 15871K, committed 16256K, reserved 1048576K
}
Event: 155.571 GC heap after
{Heap after GC invocations=46 (full 0):
 garbage-first heap   total 189440K, used 98240K [0x0000000080000000, 0x0000000100000000)
  region size 1024K, 1 young (1024K), 1 survivors (1024K)
 Metaspace       used 113192K, capacity 116290K, committed 117072K, reserved 1150976K
  class space    used 14690K, capacity 15871K, committed 16256K, reserved 1048576K
}
Event: 230.374 GC heap before
{Heap before GC invocations=46 (full 0):
 garbage-first heap   total 189440K, used 145344K [0x0000000080000000, 0x0000000100000000)
  region size 1024K, 48 young (49152K), 1 survivors (1024K)
 Metaspace       used 113715K, capacity 116934K, committed 117584K, reserved 1150976K
  class space    used 14710K, capacity 15908K, committed 16256K, reserved 1048576K
}
Event: 230.385 GC heap after
{Heap after GC invocations=47 (full 0):
 garbage-first heap   total 189440K, used 102790K [0x0000000080000000, 0x0000000100000000)
  region size 1024K, 6 young (6144K), 6 survivors (6144K)
 Metaspace       used 113715K, capacity 116934K, committed 117584K, reserved 1150976K
  class space    used 14710K, capacity 15908K, committed 16256K, reserved 1048576K
}
Event: 314.446 GC heap before
{Heap before GC invocations=47 (full 0):
 garbage-first heap   total 189440K, used 147846K [0x0000000080000000, 0x0000000100000000)
  region size 1024K, 51 young (52224K), 6 survivors (6144K)
 Metaspace       used 114098K, capacity 117285K, committed 117840K, reserved 1150976K
  class space    used 14732K, capacity 15945K, committed 16256K, reserved 1048576K
}
Event: 314.455 GC heap after
{Heap after GC invocations=48 (full 0):
 garbage-first heap   total 189440K, used 103165K [0x0000000080000000, 0x0000000100000000)
  region size 1024K, 5 young (5120K), 5 survivors (5120K)
 Metaspace       used 114098K, capacity 117285K, committed 117840K, reserved 1150976K
  class space    used 14732K, capacity 15945K, committed 16256K, reserved 1048576K
}
Event: 315.167 GC heap before
{Heap before GC invocations=48 (full 0):
 garbage-first heap   total 189440K, used 151293K [0x0000000080000000, 0x0000000100000000)
  region size 1024K, 51 young (52224K), 5 survivors (5120K)
 Metaspace       used 114329K, capacity 117560K, committed 118096K, reserved 1150976K
  class space    used 14745K, capacity 15970K, committed 16256K, reserved 1048576K
}
Event: 315.179 GC heap after
{Heap after GC invocations=49 (full 0):
 garbage-first heap   total 189440K, used 114639K [0x0000000080000000, 0x0000000100000000)
  region size 1024K, 7 young (7168K), 7 survivors (7168K)
 Metaspace       used 114329K, capacity 117560K, committed 118096K, reserved 1150976K
  class space    used 14745K, capacity 15970K, committed 16256K, reserved 1048576K
}
Event: 315.853 GC heap before
{Heap before GC invocations=49 (full 0):
 garbage-first heap   total 189440K, used 150479K [0x0000000080000000, 0x0000000100000000)
  region size 1024K, 43 young (44032K), 7 survivors (7168K)
 Metaspace       used 114675K, capacity 117896K, committed 118352K, reserved 1150976K
  class space    used 14752K, capacity 15983K, committed 16256K, reserved 1048576K
}
Event: 315.863 GC heap after
{Heap after GC invocations=50 (full 0):
 garbage-first heap   total 189440K, used 118417K [0x0000000080000000, 0x0000000100000000)
  region size 1024K, 5 young (5120K), 5 survivors (5120K)
 Metaspace       used 114675K, capacity 117896K, committed 118352K, reserved 1150976K
  class space    used 14752K, capacity 15983K, committed 16256K, reserved 1048576K
}
Event: 515.768 GC heap before
{Heap before GC invocations=50 (full 0):
 garbage-first heap   total 189440K, used 164497K [0x0000000080000000, 0x0000000100000000)
  region size 1024K, 39 young (39936K), 5 survivors (5120K)
 Metaspace       used 114831K, capacity 118045K, committed 118352K, reserved 1150976K
  class space    used 14755K, capacity 15987K, committed 16256K, reserved 1048576K
}
Event: 515.775 GC heap after
{Heap after GC invocations=51 (full 0):
 garbage-first heap   total 189440K, used 120359K [0x0000000080000000, 0x0000000100000000)
  region size 1024K, 3 young (3072K), 3 survivors (3072K)
 Metaspace       used 114831K, capacity 118045K, committed 118352K, reserved 1150976K
  class space    used 14755K, capacity 15987K, committed 16256K, reserved 1048576K
}

