# JRE version: OpenJDK Runtime Environment (11.0.11+9) (build 11.0.11+9-b60-7590822)
# Java VM: OpenJDK 64-Bit Server VM (11.0.11+9-b60-7590822, mixed mode, tiered, compressed oops, g1 gc, windows-amd64)
Heap:
 garbage-first heap   total 157696K, used 90250K [0x0000000080000000, 0x0000000100000000)
  region size 1024K, 21 young (21504K), 8 survivors (8192K)
 Metaspace       used 88172K, capacity 90290K, committed 90452K, reserved 1128448K
  class space    used 11459K, capacity 12277K, committed 12288K, reserved 1048576K
GC Heap History (20 events):
Event: 8.218 GC heap before
{Heap before GC invocations=11 (full 0):
 garbage-first heap   total 131072K, used 52162K [0x0000000080000000, 0x0000000100000000)
  region size 1024K, 10 young (10240K), 3 survivors (3072K)
 Metaspace       used 58763K, capacity 60196K, committed 60240K, reserved 1101824K
  class space    used 7486K, capacity 8061K, committed 8064K, reserved 1048576K
}
Event: 8.223 GC heap after
{Heap after GC invocations=12 (full 0):
 garbage-first heap   total 131072K, used 46413K [0x0000000080000000, 0x0000000100000000)
  region size 1024K, 3 young (3072K), 3 survivors (3072K)
 Metaspace       used 58763K, capacity 60196K, committed 60240K, reserved 1101824K
  class space    used 7486K, capacity 8061K, committed 8064K, reserved 1048576K
}
Event: 9.022 GC heap before
{Heap before GC invocations=13 (full 0):
 garbage-first heap   total 131072K, used 103757K [0x0000000080000000, 0x0000000100000000)
  region size 1024K, 59 young (60416K), 3 survivors (3072K)
 Metaspace       used 64199K, capacity 65596K, committed 65876K, reserved 1105920K
  class space    used 8137K, capacity 8676K, committed 8704K, reserved 1048576K
}
Event: 9.028 GC heap after
{Heap after GC invocations=14 (full 0):
 garbage-first heap   total 131072K, used 51488K [0x0000000080000000, 0x0000000100000000)
  region size 1024K, 8 young (8192K), 8 survivors (8192K)
 Metaspace       used 64199K, capacity 65596K, committed 65876K, reserved 1105920K
  class space    used 8137K, capacity 8676K, committed 8704K, reserved 1048576K
}
Event: 9.614 GC heap before
{Heap before GC invocations=14 (full 0):
 garbage-first heap   total 131072K, used 103712K [0x0000000080000000, 0x0000000100000000)
  region size 1024K, 59 young (60416K), 8 survivors (8192K)
 Metaspace       used 66453K, capacity 67974K, committed 68052K, reserved 1107968K
  class space    used 8472K, capacity 9039K, committed 9088K, reserved 1048576K
}
Event: 9.622 GC heap after
{Heap after GC invocations=15 (full 0):
 garbage-first heap   total 131072K, used 54868K [0x0000000080000000, 0x0000000100000000)
  region size 1024K, 5 young (5120K), 5 survivors (5120K)
 Metaspace       used 66453K, capacity 67974K, committed 68052K, reserved 1107968K
  class space    used 8472K, capacity 9039K, committed 9088K, reserved 1048576K
}
Event: 10.279 GC heap before
{Heap before GC invocations=15 (full 0):
 garbage-first heap   total 131072K, used 104020K [0x0000000080000000, 0x0000000100000000)
  region size 1024K, 53 young (54272K), 5 survivors (5120K)
 Metaspace       used 71543K, capacity 73182K, committed 73300K, reserved 1112064K
  class space    used 9313K, capacity 9950K, committed 9984K, reserved 1048576K
}
Event: 10.287 GC heap after
{Heap after GC invocations=16 (full 0):
 garbage-first heap   total 131072K, used 58640K [0x0000000080000000, 0x0000000100000000)
  region size 1024K, 4 young (4096K), 4 survivors (4096K)
 Metaspace       used 71543K, capacity 73182K, committed 73300K, reserved 1112064K
  class space    used 9313K, capacity 9950K, committed 9984K, reserved 1048576K
}
Event: 11.117 GC heap before
{Heap before GC invocations=16 (full 0):
 garbage-first heap   total 131072K, used 105744K [0x0000000080000000, 0x0000000100000000)
  region size 1024K, 50 young (51200K), 4 survivors (4096K)
 Metaspace       used 77020K, capacity 78701K, committed 78932K, reserved 1118208K
  class space    used 10063K, capacity 10726K, committed 10752K, reserved 1048576K
}
Event: 11.123 GC heap after
{Heap after GC invocations=17 (full 0):
 garbage-first heap   total 131072K, used 60984K [0x0000000080000000, 0x0000000100000000)
  region size 1024K, 6 young (6144K), 6 survivors (6144K)
 Metaspace       used 77020K, capacity 78701K, committed 78932K, reserved 1118208K
  class space    used 10063K, capacity 10726K, committed 10752K, reserved 1048576K
}
Event: 12.205 GC heap before
{Heap before GC invocations=17 (full 0):
 garbage-first heap   total 131072K, used 106040K [0x0000000080000000, 0x0000000100000000)
  region size 1024K, 51 young (52224K), 6 survivors (6144K)
 Metaspace       used 80093K, capacity 82092K, committed 82388K, reserved 1120256K
  class space    used 10544K, capacity 11322K, committed 11392K, reserved 1048576K
}
Event: 12.216 GC heap after
{Heap after GC invocations=18 (full 0):
 garbage-first heap   total 131072K, used 64729K [0x0000000080000000, 0x0000000100000000)
  region size 1024K, 7 young (7168K), 7 survivors (7168K)
 Metaspace       used 80093K, capacity 82092K, committed 82388K, reserved 1120256K
  class space    used 10544K, capacity 11322K, committed 11392K, reserved 1048576K
}
Event: 12.926 GC heap before
{Heap before GC invocations=18 (full 0):
 garbage-first heap   total 131072K, used 106713K [0x0000000080000000, 0x0000000100000000)
  region size 1024K, 49 young (50176K), 7 survivors (7168K)
 Metaspace       used 81420K, capacity 83535K, committed 83796K, reserved 1122304K
  class space    used 10644K, capacity 11430K, committed 11520K, reserved 1048576K
}
Event: 12.935 GC heap after
{Heap after GC invocations=19 (full 0):
 garbage-first heap   total 131072K, used 67275K [0x0000000080000000, 0x0000000100000000)
  region size 1024K, 7 young (7168K), 7 survivors (7168K)
 Metaspace       used 81420K, capacity 83535K, committed 83796K, reserved 1122304K
  class space    used 10644K, capacity 11430K, committed 11520K, reserved 1048576K
}
Event: 13.461 GC heap before
{Heap before GC invocations=19 (full 0):
 garbage-first heap   total 131072K, used 107211K [0x0000000080000000, 0x0000000100000000)
  region size 1024K, 47 young (48128K), 7 survivors (7168K)
 Metaspace       used 83365K, capacity 85493K, committed 85588K, reserved 1124352K
  class space    used 10915K, capacity 11708K, committed 11776K, reserved 1048576K
}
Event: 13.471 GC heap after
{Heap after GC invocations=20 (full 0):
 garbage-first heap   total 157696K, used 68669K [0x0000000080000000, 0x0000000100000000)
  region size 1024K, 4 young (4096K), 4 survivors (4096K)
 Metaspace       used 83365K, capacity 85493K, committed 85588K, reserved 1124352K
  class space    used 10915K, capacity 11708K, committed 11776K, reserved 1048576K
}
Event: 14.501 GC heap before
{Heap before GC invocations=21 (full 0):
 garbage-first heap   total 157696K, used 123965K [0x0000000080000000, 0x0000000100000000)
  region size 1024K, 59 young (60416K), 4 survivors (4096K)
 Metaspace       used 86119K, capacity 88182K, committed 88404K, reserved 1126400K
  class space    used 11211K, capacity 12012K, committed 12032K, reserved 1048576K
}
Event: 14.511 GC heap after
{Heap after GC invocations=22 (full 0):
 garbage-first heap   total 157696K, used 72495K [0x0000000080000000, 0x0000000100000000)
  region size 1024K, 8 young (8192K), 8 survivors (8192K)
 Metaspace       used 86119K, capacity 88182K, committed 88404K, reserved 1126400K
  class space    used 11211K, capacity 12012K, committed 12032K, reserved 1048576K
}
Event: 15.027 GC heap before
{Heap before GC invocations=22 (full 0):
 garbage-first heap   total 157696K, used 125743K [0x0000000080000000, 0x0000000100000000)
  region size 1024K, 61 young (62464K), 8 survivors (8192K)
 Metaspace       used 87876K, capacity 89995K, committed 90196K, reserved 1128448K
  class space    used 11432K, capacity 12244K, committed 12288K, reserved 1048576K
}
Event: 15.041 GC heap after
{Heap after GC invocations=23 (full 0):
 garbage-first heap   total 157696K, used 77962K [0x0000000080000000, 0x0000000100000000)
  region size 1024K, 8 young (8192K), 8 survivors (8192K)
 Metaspace       used 87876K, capacity 89995K, committed 90196K, reserved 1128448K
  class space    used 11432K, capacity 12244K, committed 12288K, reserved 1048576K
}

