# JRE version: OpenJDK Runtime Environment (11.0.11+9) (build 11.0.11+9-b60-7590822)
# Java VM: OpenJDK 64-Bit Server VM (11.0.11+9-b60-7590822, mixed mode, tiered, compressed oops, g1 gc, windows-amd64)
Heap:
 garbage-first heap   total 189440K, used 70597K [0x0000000080000000, 0x0000000100000000)
  region size 1024K, 7 young (7168K), 7 survivors (7168K)
 Metaspace       used 85794K, capacity 87933K, committed 88232K, reserved 1126400K
  class space    used 11208K, capacity 12050K, committed 12160K, reserved 1048576K
GC Heap History (20 events):
Event: 5.814 GC heap after
{Heap after GC invocations=8 (full 0):
 garbage-first heap   total 131072K, used 27665K [0x0000000080000000, 0x0000000100000000)
  region size 1024K, 9 young (9216K), 9 survivors (9216K)
 Metaspace       used 39627K, capacity 40577K, committed 40732K, reserved 1085440K
  class space    used 5070K, capacity 5428K, committed 5504K, reserved 1048576K
}
Event: 6.707 GC heap before
{Heap before GC invocations=8 (full 0):
 garbage-first heap   total 131072K, used 90129K [0x0000000080000000, 0x0000000100000000)
  region size 1024K, 70 young (71680K), 9 survivors (9216K)
 Metaspace       used 45371K, capacity 46401K, committed 46620K, reserved 1089536K
  class space    used 5821K, capacity 6208K, committed 6272K, reserved 1048576K
}
Event: 6.715 GC heap after
{Heap after GC invocations=9 (full 0):
 garbage-first heap   total 131072K, used 29713K [0x0000000080000000, 0x0000000100000000)
  region size 1024K, 3 young (3072K), 3 survivors (3072K)
 Metaspace       used 45371K, capacity 46401K, committed 46620K, reserved 1089536K
  class space    used 5821K, capacity 6208K, committed 6272K, reserved 1048576K
}
Event: 7.635 GC heap before
{Heap before GC invocations=9 (full 0):
 garbage-first heap   total 131072K, used 97297K [0x0000000080000000, 0x0000000100000000)
  region size 1024K, 65 young (66560K), 3 survivors (3072K)
 Metaspace       used 47923K, capacity 49113K, committed 49308K, reserved 1091584K
  class space    used 6122K, capacity 6598K, committed 6656K, reserved 1048576K
}
Event: 7.640 GC heap after
{Heap after GC invocations=10 (full 0):
 garbage-first heap   total 131072K, used 41585K [0x0000000080000000, 0x0000000100000000)
  region size 1024K, 9 young (9216K), 9 survivors (9216K)
 Metaspace       used 47923K, capacity 49113K, committed 49308K, reserved 1091584K
  class space    used 6122K, capacity 6598K, committed 6656K, reserved 1048576K
}
Event: 8.207 GC heap before
{Heap before GC invocations=10 (full 0):
 garbage-first heap   total 131072K, used 97905K [0x0000000080000000, 0x0000000100000000)
  region size 1024K, 64 young (65536K), 9 survivors (9216K)
 Metaspace       used 54827K, capacity 56186K, committed 56348K, reserved 1097728K
  class space    used 6978K, capacity 7472K, committed 7552K, reserved 1048576K
}
Event: 8.216 GC heap after
{Heap after GC invocations=11 (full 0):
 garbage-first heap   total 131072K, used 45625K [0x0000000080000000, 0x0000000100000000)
  region size 1024K, 4 young (4096K), 4 survivors (4096K)
 Metaspace       used 54827K, capacity 56186K, committed 56348K, reserved 1097728K
  class space    used 6978K, capacity 7472K, committed 7552K, reserved 1048576K
}
Event: 8.633 GC heap before
{Heap before GC invocations=11 (full 0):
 garbage-first heap   total 131072K, used 74297K [0x0000000080000000, 0x0000000100000000)
  region size 1024K, 33 young (33792K), 4 survivors (4096K)
 Metaspace       used 59040K, capacity 60416K, committed 60572K, reserved 1101824K
  class space    used 7515K, capacity 8070K, committed 8192K, reserved 1048576K
}
Event: 8.641 GC heap after
{Heap after GC invocations=12 (full 0):
 garbage-first heap   total 157696K, used 47007K [0x0000000080000000, 0x0000000100000000)
  region size 1024K, 5 young (5120K), 5 survivors (5120K)
 Metaspace       used 59040K, capacity 60416K, committed 60572K, reserved 1101824K
  class space    used 7515K, capacity 8070K, committed 8192K, reserved 1048576K
}
Event: 9.433 GC heap before
{Heap before GC invocations=13 (full 0):
 garbage-first heap   total 157696K, used 111519K [0x0000000080000000, 0x0000000100000000)
  region size 1024K, 68 young (69632K), 5 survivors (5120K)
 Metaspace       used 64516K, capacity 65913K, committed 66216K, reserved 1107968K
  class space    used 8205K, capacity 8779K, committed 8832K, reserved 1048576K
}
Event: 9.449 GC heap after
{Heap after GC invocations=14 (full 0):
 garbage-first heap   total 157696K, used 52003K [0x0000000080000000, 0x0000000100000000)
  region size 1024K, 7 young (7168K), 7 survivors (7168K)
 Metaspace       used 64516K, capacity 65913K, committed 66216K, reserved 1107968K
  class space    used 8205K, capacity 8779K, committed 8832K, reserved 1048576K
}
Event: 10.132 GC heap before
{Heap before GC invocations=15 (full 0):
 garbage-first heap   total 157696K, used 115491K [0x0000000080000000, 0x0000000100000000)
  region size 1024K, 69 young (70656K), 7 survivors (7168K)
 Metaspace       used 69300K, capacity 70914K, committed 71080K, reserved 1112064K
  class space    used 8982K, capacity 9567K, committed 9600K, reserved 1048576K
}
Event: 10.140 GC heap after
{Heap after GC invocations=16 (full 0):
 garbage-first heap   total 157696K, used 56238K [0x0000000080000000, 0x0000000100000000)
  region size 1024K, 5 young (5120K), 5 survivors (5120K)
 Metaspace       used 69300K, capacity 70914K, committed 71080K, reserved 1112064K
  class space    used 8982K, capacity 9567K, committed 9600K, reserved 1048576K
}
Event: 11.066 GC heap before
{Heap before GC invocations=16 (full 0):
 garbage-first heap   total 157696K, used 118702K [0x0000000080000000, 0x0000000100000000)
  region size 1024K, 66 young (67584K), 5 survivors (5120K)
 Metaspace       used 75971K, capacity 77745K, committed 77992K, reserved 1116160K
  class space    used 9930K, capacity 10605K, committed 10624K, reserved 1048576K
}
Event: 11.072 GC heap after
{Heap after GC invocations=17 (full 0):
 garbage-first heap   total 157696K, used 59783K [0x0000000080000000, 0x0000000100000000)
  region size 1024K, 8 young (8192K), 8 survivors (8192K)
 Metaspace       used 75971K, capacity 77745K, committed 77992K, reserved 1116160K
  class space    used 9930K, capacity 10605K, committed 10624K, reserved 1048576K
}
Event: 11.969 GC heap before
{Heap before GC invocations=17 (full 0):
 garbage-first heap   total 157696K, used 121223K [0x0000000080000000, 0x0000000100000000)
  region size 1024K, 69 young (70656K), 8 survivors (8192K)
 Metaspace       used 80236K, capacity 82334K, committed 82472K, reserved 1120256K
  class space    used 10587K, capacity 11406K, committed 11520K, reserved 1048576K
}
Event: 11.983 GC heap after
{Heap after GC invocations=18 (full 0):
 garbage-first heap   total 157696K, used 64364K [0x0000000080000000, 0x0000000100000000)
  region size 1024K, 9 young (9216K), 9 survivors (9216K)
 Metaspace       used 80236K, capacity 82334K, committed 82472K, reserved 1120256K
  class space    used 10587K, capacity 11406K, committed 11520K, reserved 1048576K
}
Event: 12.680 GC heap before
{Heap before GC invocations=18 (full 0):
 garbage-first heap   total 157696K, used 122732K [0x0000000080000000, 0x0000000100000000)
  region size 1024K, 67 young (68608K), 9 survivors (9216K)
 Metaspace       used 82175K, capacity 84402K, committed 84648K, reserved 1122304K
  class space    used 10755K, capacity 11601K, committed 11648K, reserved 1048576K
}
Event: 12.692 GC heap after
{Heap after GC invocations=19 (full 0):
 garbage-first heap   total 157696K, used 67925K [0x0000000080000000, 0x0000000100000000)
  region size 1024K, 4 young (4096K), 4 survivors (4096K)
 Metaspace       used 82175K, capacity 84402K, committed 84648K, reserved 1122304K
  class space    used 10755K, capacity 11601K, committed 11648K, reserved 1048576K
}
Event: 13.101 GC heap before
{Heap before GC invocations=19 (full 0):
 garbage-first heap   total 157696K, used 125269K [0x0000000080000000, 0x0000000100000000)
  region size 1024K, 61 young (62464K), 4 survivors (4096K)
 Metaspace       used 85794K, capacity 87933K, committed 88232K, reserved 1126400K
  class space    used 11208K, capacity 12050K, committed 12160K, reserved 1048576K
}

