# JRE version: OpenJDK Runtime Environment (11.0.11+9) (build 11.0.11+9-b60-7590822)
# Java VM: OpenJDK 64-Bit Server VM (11.0.11+9-b60-7590822, mixed mode, tiered, compressed oops, g1 gc, windows-amd64)
Heap:
 garbage-first heap   total 490496K, used 153185K [0x0000000080000000, 0x0000000100000000)
  region size 1024K, 10 young (10240K), 10 survivors (10240K)
 Metaspace       used 101378K, capacity 104134K, committed 104360K, reserved 1138688K
  class space    used 13259K, capacity 14332K, committed 14464K, reserved 1048576K
GC Heap History (20 events):
Event: 18.192 GC heap after
{Heap after GC invocations=33 (full 0):
 garbage-first heap   total 189440K, used 108522K [0x0000000080000000, 0x0000000100000000)
  region size 1024K, 5 young (5120K), 5 survivors (5120K)
 Metaspace       used 97065K, capacity 99556K, committed 99752K, reserved 1134592K
  class space    used 12834K, capacity 13827K, committed 13952K, reserved 1048576K
}
Event: 18.564 GC heap before
{Heap before GC invocations=34 (full 0):
 garbage-first heap   total 189440K, used 152554K [0x0000000080000000, 0x0000000100000000)
  region size 1024K, 46 young (47104K), 5 survivors (5120K)
 Metaspace       used 97855K, capacity 100363K, committed 100776K, reserved 1136640K
  class space    used 12864K, capacity 13833K, committed 13952K, reserved 1048576K
}
Event: 18.576 GC heap after
{Heap after GC invocations=35 (full 0):
 garbage-first heap   total 189440K, used 114903K [0x0000000080000000, 0x0000000100000000)
  region size 1024K, 5 young (5120K), 5 survivors (5120K)
 Metaspace       used 97855K, capacity 100363K, committed 100776K, reserved 1136640K
  class space    used 12864K, capacity 13833K, committed 13952K, reserved 1048576K
}
Event: 18.791 GC heap before
{Heap before GC invocations=35 (full 0):
 garbage-first heap   total 189440K, used 152791K [0x0000000080000000, 0x0000000100000000)
  region size 1024K, 43 young (44032K), 5 survivors (5120K)
 Metaspace       used 99154K, capacity 101831K, committed 102056K, reserved 1136640K
  class space    used 13053K, capacity 14083K, committed 14208K, reserved 1048576K
}
Event: 18.802 GC heap after
{Heap after GC invocations=36 (full 0):
 garbage-first heap   total 227328K, used 115599K [0x0000000080000000, 0x0000000100000000)
  region size 1024K, 3 young (3072K), 3 survivors (3072K)
 Metaspace       used 99154K, capacity 101831K, committed 102056K, reserved 1136640K
  class space    used 13053K, capacity 14083K, committed 14208K, reserved 1048576K
}
Event: 19.331 GC heap before
{Heap before GC invocations=37 (full 0):
 garbage-first heap   total 227328K, used 170895K [0x0000000080000000, 0x0000000100000000)
  region size 1024K, 58 young (59392K), 3 survivors (3072K)
 Metaspace       used 100522K, capacity 103349K, committed 103464K, reserved 1138688K
  class space    used 13226K, capacity 14323K, committed 14336K, reserved 1048576K
}
Event: 19.342 GC heap after
{Heap after GC invocations=38 (full 0):
 garbage-first heap   total 227328K, used 119163K [0x0000000080000000, 0x0000000100000000)
  region size 1024K, 7 young (7168K), 7 survivors (7168K)
 Metaspace       used 100522K, capacity 103349K, committed 103464K, reserved 1138688K
  class space    used 13226K, capacity 14323K, committed 14336K, reserved 1048576K
}
Event: 19.365 GC heap before
{Heap before GC invocations=38 (full 0):
 garbage-first heap   total 227328K, used 123259K [0x0000000080000000, 0x0000000100000000)
  region size 1024K, 11 young (11264K), 7 survivors (7168K)
 Metaspace       used 100523K, capacity 103349K, committed 103464K, reserved 1138688K
  class space    used 13226K, capacity 14323K, committed 14336K, reserved 1048576K
}
Event: 19.375 GC heap after
{Heap after GC invocations=39 (full 0):
 garbage-first heap   total 227328K, used 117942K [0x0000000080000000, 0x0000000100000000)
  region size 1024K, 1 young (1024K), 1 survivors (1024K)
 Metaspace       used 100523K, capacity 103349K, committed 103464K, reserved 1138688K
  class space    used 13226K, capacity 14323K, committed 14336K, reserved 1048576K
}
Event: 19.781 GC heap before
{Heap before GC invocations=39 (full 0):
 garbage-first heap   total 227328K, used 175286K [0x0000000080000000, 0x0000000100000000)
  region size 1024K, 57 young (58368K), 1 survivors (1024K)
 Metaspace       used 100705K, capacity 103554K, committed 103848K, reserved 1138688K
  class space    used 13255K, capacity 14348K, committed 14464K, reserved 1048576K
}
Event: 19.792 GC heap after
{Heap after GC invocations=40 (full 0):
 garbage-first heap   total 227328K, used 118599K [0x0000000080000000, 0x0000000100000000)
  region size 1024K, 2 young (2048K), 2 survivors (2048K)
 Metaspace       used 100705K, capacity 103554K, committed 103848K, reserved 1138688K
  class space    used 13255K, capacity 14348K, committed 14464K, reserved 1048576K
}
Event: 20.235 GC heap before
{Heap before GC invocations=41 (full 0):
 garbage-first heap   total 227328K, used 179015K [0x0000000080000000, 0x0000000100000000)
  region size 1024K, 60 young (61440K), 2 survivors (2048K)
 Metaspace       used 100850K, capacity 103616K, committed 103848K, reserved 1138688K
  class space    used 13253K, capacity 14323K, committed 14464K, reserved 1048576K
}
Event: 20.243 GC heap after
{Heap after GC invocations=42 (full 0):
 garbage-first heap   total 273408K, used 125522K [0x0000000080000000, 0x0000000100000000)
  region size 1024K, 8 young (8192K), 8 survivors (8192K)
 Metaspace       used 100850K, capacity 103616K, committed 103848K, reserved 1138688K
  class space    used 13253K, capacity 14323K, committed 14464K, reserved 1048576K
}
Event: 20.276 GC heap before
{Heap before GC invocations=42 (full 0):
 garbage-first heap   total 273408K, used 130642K [0x0000000080000000, 0x0000000100000000)
  region size 1024K, 13 young (13312K), 8 survivors (8192K)
 Metaspace       used 100860K, capacity 103628K, committed 103848K, reserved 1138688K
  class space    used 13255K, capacity 14327K, committed 14464K, reserved 1048576K
}
Event: 20.283 GC heap after
{Heap after GC invocations=43 (full 0):
 garbage-first heap   total 273408K, used 122004K [0x0000000080000000, 0x0000000100000000)
  region size 1024K, 1 young (1024K), 1 survivors (1024K)
 Metaspace       used 100860K, capacity 103628K, committed 103848K, reserved 1138688K
  class space    used 13255K, capacity 14327K, committed 14464K, reserved 1048576K
}
Event: 20.753 GC heap before
{Heap before GC invocations=43 (full 0):
 garbage-first heap   total 273408K, used 200852K [0x0000000080000000, 0x0000000100000000)
  region size 1024K, 79 young (80896K), 1 survivors (1024K)
 Metaspace       used 101073K, capacity 103860K, committed 104104K, reserved 1138688K
  class space    used 13258K, capacity 14332K, committed 14464K, reserved 1048576K
}
Event: 20.766 GC heap after
{Heap after GC invocations=44 (full 0):
 garbage-first heap   total 273408K, used 133945K [0x0000000080000000, 0x0000000100000000)
  region size 1024K, 10 young (10240K), 10 survivors (10240K)
 Metaspace       used 101073K, capacity 103860K, committed 104104K, reserved 1138688K
  class space    used 13258K, capacity 14332K, committed 14464K, reserved 1048576K
}
Event: 21.066 GC heap before
{Heap before GC invocations=44 (full 0):
 garbage-first heap   total 273408K, used 207673K [0x0000000080000000, 0x0000000100000000)
  region size 1024K, 83 young (84992K), 10 survivors (10240K)
 Metaspace       used 101267K, capacity 104065K, committed 104360K, reserved 1138688K
  class space    used 13258K, capacity 14332K, committed 14464K, reserved 1048576K
}
Event: 21.142 GC heap after
{Heap after GC invocations=45 (full 0):
 garbage-first heap   total 273408K, used 145745K [0x0000000080000000, 0x0000000100000000)
  region size 1024K, 11 young (11264K), 11 survivors (11264K)
 Metaspace       used 101267K, capacity 104065K, committed 104360K, reserved 1138688K
  class space    used 13258K, capacity 14332K, committed 14464K, reserved 1048576K
}
Event: 21.853 GC heap before
{Heap before GC invocations=46 (full 0):
 garbage-first heap   total 273408K, used 214353K [0x0000000080000000, 0x0000000100000000)
  region size 1024K, 78 young (79872K), 11 survivors (11264K)
 Metaspace       used 101378K, capacity 104134K, committed 104360K, reserved 1138688K
  class space    used 13259K, capacity 14332K, committed 14464K, reserved 1048576K
}

