# JRE version: OpenJDK Runtime Environment (11.0.11+9) (build 11.0.11+9-b60-7590822)
# Java VM: OpenJDK 64-Bit Server VM (11.0.11+9-b60-7590822, mixed mode, tiered, compressed oops, g1 gc, windows-amd64)
Heap:
 garbage-first heap   total 387072K, used 247626K [0x0000000080000000, 0x0000000100000000)
  region size 1024K, 16 young (16384K), 5 survivors (5120K)
 Metaspace       used 111852K, capacity 114702K, committed 114844K, reserved 1148928K
  class space    used 14380K, capacity 15499K, committed 15616K, reserved 1048576K
GC Heap History (20 events):
Event: 24.682 GC heap before
{Heap before GC invocations=47 (full 0):
 garbage-first heap   total 227328K, used 180120K [0x0000000080000000, 0x0000000100000000)
  region size 1024K, 75 young (76800K), 8 survivors (8192K)
 Metaspace       used 105089K, capacity 107445K, committed 107548K, reserved 1142784K
  class space    used 13287K, capacity 14176K, committed 14208K, reserved 1048576K
}
Event: 24.692 GC heap after
{Heap after GC invocations=48 (full 0):
 garbage-first heap   total 227328K, used 118517K [0x0000000080000000, 0x0000000100000000)
  region size 1024K, 10 young (10240K), 10 survivors (10240K)
 Metaspace       used 105089K, capacity 107445K, committed 107548K, reserved 1142784K
  class space    used 13287K, capacity 14176K, committed 14208K, reserved 1048576K
}
Event: 25.053 GC heap before
{Heap before GC invocations=48 (full 0):
 garbage-first heap   total 227328K, used 193269K [0x0000000080000000, 0x0000000100000000)
  region size 1024K, 67 young (68608K), 10 survivors (10240K)
 Metaspace       used 105465K, capacity 107829K, committed 108188K, reserved 1142784K
  class space    used 13331K, capacity 14231K, committed 14336K, reserved 1048576K
}
Event: 25.073 GC heap after
{Heap after GC invocations=49 (full 0):
 garbage-first heap   total 227328K, used 140807K [0x0000000080000000, 0x0000000100000000)
  region size 1024K, 9 young (9216K), 9 survivors (9216K)
 Metaspace       used 105465K, capacity 107829K, committed 108188K, reserved 1142784K
  class space    used 13331K, capacity 14231K, committed 14336K, reserved 1048576K
}
Event: 25.403 GC heap before
{Heap before GC invocations=49 (full 0):
 garbage-first heap   total 227328K, used 180743K [0x0000000080000000, 0x0000000100000000)
  region size 1024K, 48 young (49152K), 9 survivors (9216K)
 Metaspace       used 107716K, capacity 110114K, committed 110236K, reserved 1144832K
  class space    used 13817K, capacity 14744K, committed 14848K, reserved 1048576K
}
Event: 25.447 GC heap after
{Heap after GC invocations=50 (full 0):
 garbage-first heap   total 227328K, used 158932K [0x0000000080000000, 0x0000000100000000)
  region size 1024K, 6 young (6144K), 6 survivors (6144K)
 Metaspace       used 107716K, capacity 110114K, committed 110236K, reserved 1144832K
  class space    used 13817K, capacity 14744K, committed 14848K, reserved 1048576K
}
Event: 25.545 GC heap before
{Heap before GC invocations=50 (full 0):
 garbage-first heap   total 227328K, used 183508K [0x0000000080000000, 0x0000000100000000)
  region size 1024K, 30 young (30720K), 6 survivors (6144K)
 Metaspace       used 107810K, capacity 110253K, committed 110492K, reserved 1144832K
  class space    used 13817K, capacity 14744K, committed 14848K, reserved 1048576K
}
Event: 25.572 GC heap after
{Heap after GC invocations=51 (full 0):
 garbage-first heap   total 295936K, used 172032K [0x0000000080000000, 0x0000000100000000)
  region size 1024K, 4 young (4096K), 4 survivors (4096K)
 Metaspace       used 107810K, capacity 110253K, committed 110492K, reserved 1144832K
  class space    used 13817K, capacity 14744K, committed 14848K, reserved 1048576K
}
Event: 25.844 GC heap before
{Heap before GC invocations=51 (full 0):
 garbage-first heap   total 295936K, used 215040K [0x0000000080000000, 0x0000000100000000)
  region size 1024K, 46 young (47104K), 4 survivors (4096K)
 Metaspace       used 107818K, capacity 110253K, committed 110492K, reserved 1144832K
  class space    used 13817K, capacity 14744K, committed 14848K, reserved 1048576K
}
Event: 25.873 GC heap after
{Heap after GC invocations=52 (full 0):
 garbage-first heap   total 295936K, used 194247K [0x0000000080000000, 0x0000000100000000)
  region size 1024K, 6 young (6144K), 6 survivors (6144K)
 Metaspace       used 107818K, capacity 110253K, committed 110492K, reserved 1144832K
  class space    used 13817K, capacity 14744K, committed 14848K, reserved 1048576K
}
Event: 26.311 GC heap before
{Heap before GC invocations=53 (full 0):
 garbage-first heap   total 295936K, used 227015K [0x0000000080000000, 0x0000000100000000)
  region size 1024K, 39 young (39936K), 6 survivors (6144K)
 Metaspace       used 109793K, capacity 112377K, committed 112668K, reserved 1146880K
  class space    used 14122K, capacity 15130K, committed 15232K, reserved 1048576K
}
Event: 26.334 GC heap after
{Heap after GC invocations=54 (full 0):
 garbage-first heap   total 295936K, used 205802K [0x0000000080000000, 0x0000000100000000)
  region size 1024K, 5 young (5120K), 5 survivors (5120K)
 Metaspace       used 109793K, capacity 112377K, committed 112668K, reserved 1146880K
  class space    used 14122K, capacity 15130K, committed 15232K, reserved 1048576K
}
Event: 26.367 GC heap before
{Heap before GC invocations=54 (full 0):
 garbage-first heap   total 295936K, used 215018K [0x0000000080000000, 0x0000000100000000)
  region size 1024K, 14 young (14336K), 5 survivors (5120K)
 Metaspace       used 109793K, capacity 112377K, committed 112668K, reserved 1146880K
  class space    used 14122K, capacity 15130K, committed 15232K, reserved 1048576K
}
Event: 26.383 GC heap after
{Heap after GC invocations=55 (full 0):
 garbage-first heap   total 295936K, used 206583K [0x0000000080000000, 0x0000000100000000)
  region size 1024K, 2 young (2048K), 2 survivors (2048K)
 Metaspace       used 109793K, capacity 112377K, committed 112668K, reserved 1146880K
  class space    used 14122K, capacity 15130K, committed 15232K, reserved 1048576K
}
Event: 26.617 GC heap before
{Heap before GC invocations=55 (full 0):
 garbage-first heap   total 295936K, used 235255K [0x0000000080000000, 0x0000000100000000)
  region size 1024K, 31 young (31744K), 2 survivors (2048K)
 Metaspace       used 110587K, capacity 113309K, committed 113564K, reserved 1146880K
  class space    used 14254K, capacity 15333K, committed 15360K, reserved 1048576K
}
Event: 26.633 GC heap after
{Heap after GC invocations=56 (full 0):
 garbage-first heap   total 387072K, used 207607K [0x0000000080000000, 0x0000000100000000)
  region size 1024K, 3 young (3072K), 3 survivors (3072K)
 Metaspace       used 110587K, capacity 113309K, committed 113564K, reserved 1146880K
  class space    used 14254K, capacity 15333K, committed 15360K, reserved 1048576K
}
Event: 27.092 GC heap before
{Heap before GC invocations=56 (full 0):
 garbage-first heap   total 387072K, used 265975K [0x0000000080000000, 0x0000000100000000)
  region size 1024K, 60 young (61440K), 3 survivors (3072K)
 Metaspace       used 110965K, capacity 113719K, committed 113948K, reserved 1148928K
  class space    used 14294K, capacity 15375K, committed 15488K, reserved 1048576K
}
Event: 27.102 GC heap after
{Heap after GC invocations=57 (full 0):
 garbage-first heap   total 387072K, used 210947K [0x0000000080000000, 0x0000000100000000)
  region size 1024K, 7 young (7168K), 7 survivors (7168K)
 Metaspace       used 110965K, capacity 113719K, committed 113948K, reserved 1148928K
  class space    used 14294K, capacity 15375K, committed 15488K, reserved 1048576K
}
Event: 27.519 GC heap before
{Heap before GC invocations=57 (full 0):
 garbage-first heap   total 387072K, used 274435K [0x0000000080000000, 0x0000000100000000)
  region size 1024K, 67 young (68608K), 7 survivors (7168K)
 Metaspace       used 111322K, capacity 114090K, committed 114204K, reserved 1148928K
  class space    used 14327K, capacity 15428K, committed 15488K, reserved 1048576K
}
Event: 27.539 GC heap after
{Heap after GC invocations=58 (full 0):
 garbage-first heap   total 387072K, used 218289K [0x0000000080000000, 0x0000000100000000)
  region size 1024K, 9 young (9216K), 9 survivors (9216K)
 Metaspace       used 111322K, capacity 114090K, committed 114204K, reserved 1148928K
  class space    used 14327K, capacity 15428K, committed 15488K, reserved 1048576K
}

