# JRE version: OpenJDK Runtime Environment (11.0.11+9) (build 11.0.11+9-b60-7590822)
# Java VM: OpenJDK 64-Bit Server VM (11.0.11+9-b60-7590822, mixed mode, tiered, compressed oops, g1 gc, windows-amd64)
Heap:
 garbage-first heap   total 131072K, used 98917K [0x0000000080000000, 0x0000000100000000)
  region size 1024K, 41 young (41984K), 6 survivors (6144K)
 Metaspace       used 82887K, capacity 84999K, committed 85200K, reserved 1122304K
  class space    used 10847K, capacity 11679K, committed 11776K, reserved 1048576K
GC Heap History (20 events):
Event: 7.440 GC heap before
{Heap before GC invocations=8 (full 0):
 garbage-first heap   total 131072K, used 90956K [0x0000000080000000, 0x0000000100000000)
  region size 1024K, 70 young (71680K), 9 survivors (9216K)
 Metaspace       used 45418K, capacity 46465K, committed 46672K, reserved 1089536K
  class space    used 5830K, capacity 6209K, committed 6272K, reserved 1048576K
}
Event: 7.447 GC heap after
{Heap after GC invocations=9 (full 0):
 garbage-first heap   total 131072K, used 29711K [0x0000000080000000, 0x0000000100000000)
  region size 1024K, 3 young (3072K), 3 survivors (3072K)
 Metaspace       used 45418K, capacity 46465K, committed 46672K, reserved 1089536K
  class space    used 5830K, capacity 6209K, committed 6272K, reserved 1048576K
}
Event: 8.287 GC heap before
{Heap before GC invocations=9 (full 0):
 garbage-first heap   total 131072K, used 98319K [0x0000000080000000, 0x0000000100000000)
  region size 1024K, 66 young (67584K), 3 survivors (3072K)
 Metaspace       used 47960K, capacity 49117K, committed 49360K, reserved 1091584K
  class space    used 6128K, capacity 6599K, committed 6656K, reserved 1048576K
}
Event: 8.293 GC heap after
{Heap after GC invocations=10 (full 0):
 garbage-first heap   total 131072K, used 41984K [0x0000000080000000, 0x0000000100000000)
  region size 1024K, 9 young (9216K), 9 survivors (9216K)
 Metaspace       used 47960K, capacity 49117K, committed 49360K, reserved 1091584K
  class space    used 6128K, capacity 6599K, committed 6656K, reserved 1048576K
}
Event: 9.185 GC heap before
{Heap before GC invocations=10 (full 0):
 garbage-first heap   total 131072K, used 99328K [0x0000000080000000, 0x0000000100000000)
  region size 1024K, 65 young (66560K), 9 survivors (9216K)
 Metaspace       used 55345K, capacity 56701K, committed 56912K, reserved 1099776K
  class space    used 7033K, capacity 7537K, committed 7552K, reserved 1048576K
}
Event: 9.193 GC heap after
{Heap after GC invocations=11 (full 0):
 garbage-first heap   total 131072K, used 45368K [0x0000000080000000, 0x0000000100000000)
  region size 1024K, 3 young (3072K), 3 survivors (3072K)
 Metaspace       used 55345K, capacity 56701K, committed 56912K, reserved 1099776K
  class space    used 7033K, capacity 7537K, committed 7552K, reserved 1048576K
}
Event: 9.508 GC heap before
{Heap before GC invocations=11 (full 0):
 garbage-first heap   total 131072K, used 66872K [0x0000000080000000, 0x0000000100000000)
  region size 1024K, 25 young (25600K), 3 survivors (3072K)
 Metaspace       used 58707K, capacity 60177K, committed 60240K, reserved 1101824K
  class space    used 7478K, capacity 8033K, committed 8064K, reserved 1048576K
}
Event: 9.514 GC heap after
{Heap after GC invocations=12 (full 0):
 garbage-first heap   total 131072K, used 46066K [0x0000000080000000, 0x0000000100000000)
  region size 1024K, 4 young (4096K), 4 survivors (4096K)
 Metaspace       used 58707K, capacity 60177K, committed 60240K, reserved 1101824K
  class space    used 7478K, capacity 8033K, committed 8064K, reserved 1048576K
}
Event: 10.208 GC heap before
{Heap before GC invocations=13 (full 0):
 garbage-first heap   total 131072K, used 93170K [0x0000000080000000, 0x0000000100000000)
  region size 1024K, 51 young (52224K), 4 survivors (4096K)
 Metaspace       used 63372K, capacity 64765K, committed 64976K, reserved 1105920K
  class space    used 8025K, capacity 8574K, committed 8704K, reserved 1048576K
}
Event: 10.216 GC heap after
{Heap after GC invocations=14 (full 0):
 garbage-first heap   total 131072K, used 49734K [0x0000000080000000, 0x0000000100000000)
  region size 1024K, 7 young (7168K), 7 survivors (7168K)
 Metaspace       used 63372K, capacity 64765K, committed 64976K, reserved 1105920K
  class space    used 8025K, capacity 8574K, committed 8704K, reserved 1048576K
}
Event: 10.703 GC heap before
{Heap before GC invocations=14 (full 0):
 garbage-first heap   total 131072K, used 98886K [0x0000000080000000, 0x0000000100000000)
  region size 1024K, 54 young (55296K), 7 survivors (7168K)
 Metaspace       used 64838K, capacity 66338K, committed 66384K, reserved 1107968K
  class space    used 8240K, capacity 8815K, committed 8832K, reserved 1048576K
}
Event: 10.711 GC heap after
{Heap after GC invocations=15 (full 0):
 garbage-first heap   total 131072K, used 53734K [0x0000000080000000, 0x0000000100000000)
  region size 1024K, 4 young (4096K), 4 survivors (4096K)
 Metaspace       used 64838K, capacity 66338K, committed 66384K, reserved 1107968K
  class space    used 8240K, capacity 8815K, committed 8832K, reserved 1048576K
}
Event: 11.377 GC heap before
{Heap before GC invocations=15 (full 0):
 garbage-first heap   total 131072K, used 99814K [0x0000000080000000, 0x0000000100000000)
  region size 1024K, 49 young (50176K), 4 survivors (4096K)
 Metaspace       used 70146K, capacity 71765K, committed 71888K, reserved 1112064K
  class space    used 9103K, capacity 9719K, committed 9728K, reserved 1048576K
}
Event: 11.383 GC heap after
{Heap after GC invocations=16 (full 0):
 garbage-first heap   total 131072K, used 56249K [0x0000000080000000, 0x0000000100000000)
  region size 1024K, 7 young (7168K), 7 survivors (7168K)
 Metaspace       used 70146K, capacity 71765K, committed 71888K, reserved 1112064K
  class space    used 9103K, capacity 9719K, committed 9728K, reserved 1048576K
}
Event: 11.964 GC heap before
{Heap before GC invocations=16 (full 0):
 garbage-first heap   total 131072K, used 101305K [0x0000000080000000, 0x0000000100000000)
  region size 1024K, 51 young (52224K), 7 survivors (7168K)
 Metaspace       used 74038K, capacity 75748K, committed 75856K, reserved 1114112K
  class space    used 9646K, capacity 10307K, committed 10368K, reserved 1048576K
}
Event: 11.970 GC heap after
{Heap after GC invocations=17 (full 0):
 garbage-first heap   total 131072K, used 59351K [0x0000000080000000, 0x0000000100000000)
  region size 1024K, 6 young (6144K), 6 survivors (6144K)
 Metaspace       used 74038K, capacity 75748K, committed 75856K, reserved 1114112K
  class space    used 9646K, capacity 10307K, committed 10368K, reserved 1048576K
}
Event: 13.284 GC heap before
{Heap before GC invocations=17 (full 0):
 garbage-first heap   total 131072K, used 104407K [0x0000000080000000, 0x0000000100000000)
  region size 1024K, 50 young (51200K), 6 survivors (6144K)
 Metaspace       used 79268K, capacity 81214K, committed 81360K, reserved 1120256K
  class space    used 10424K, capacity 11162K, committed 11264K, reserved 1048576K
}
Event: 13.291 GC heap after
{Heap after GC invocations=18 (full 0):
 garbage-first heap   total 131072K, used 62124K [0x0000000080000000, 0x0000000100000000)
  region size 1024K, 6 young (6144K), 6 survivors (6144K)
 Metaspace       used 79268K, capacity 81214K, committed 81360K, reserved 1120256K
  class space    used 10424K, capacity 11162K, committed 11264K, reserved 1048576K
}
Event: 14.410 GC heap before
{Heap before GC invocations=18 (full 0):
 garbage-first heap   total 131072K, used 105132K [0x0000000080000000, 0x0000000100000000)
  region size 1024K, 49 young (50176K), 6 survivors (6144K)
 Metaspace       used 81504K, capacity 83674K, committed 83792K, reserved 1122304K
  class space    used 10717K, capacity 11550K, committed 11648K, reserved 1048576K
}
Event: 14.419 GC heap after
{Heap after GC invocations=19 (full 0):
 garbage-first heap   total 131072K, used 65125K [0x0000000080000000, 0x0000000100000000)
  region size 1024K, 6 young (6144K), 6 survivors (6144K)
 Metaspace       used 81504K, capacity 83674K, committed 83792K, reserved 1122304K
  class space    used 10717K, capacity 11550K, committed 11648K, reserved 1048576K
}

