# JRE version: OpenJDK Runtime Environment (11.0.11+9) (build 11.0.11+9-b60-7590822)
# Java VM: OpenJDK 64-Bit Server VM (11.0.11+9-b60-7590822, mixed mode, tiered, compressed oops, g1 gc, windows-amd64)
Heap:
 garbage-first heap   total 131072K, used 48253K [0x0000000080000000, 0x0000000100000000)
  region size 1024K, 33 young (33792K), 1 survivors (1024K)
 Metaspace       used 23947K, capacity 24572K, committed 24832K, reserved 1071104K
  class space    used 3055K, capacity 3263K, committed 3328K, reserved 1048576K
GC Heap History (8 events):
Event: 0.697 GC heap before
{Heap before GC invocations=0 (full 0):
 garbage-first heap   total 131072K, used 29696K [0x0000000080000000, 0x0000000100000000)
  region size 1024K, 24 young (24576K), 0 survivors (0K)
 Metaspace       used 10277K, capacity 10531K, committed 10752K, reserved 1058816K
  class space    used 1078K, capacity 1170K, committed 1280K, reserved 1048576K
}
Event: 0.701 GC heap after
{Heap after GC invocations=1 (full 0):
 garbage-first heap   total 131072K, used 9636K [0x0000000080000000, 0x0000000100000000)
  region size 1024K, 3 young (3072K), 3 survivors (3072K)
 Metaspace       used 10277K, capacity 10531K, committed 10752K, reserved 1058816K
  class space    used 1078K, capacity 1170K, committed 1280K, reserved 1048576K
}
Event: 1.054 GC heap before
{Heap before GC invocations=1 (full 0):
 garbage-first heap   total 131072K, used 32164K [0x0000000080000000, 0x0000000100000000)
  region size 1024K, 25 young (25600K), 3 survivors (3072K)
 Metaspace       used 11298K, capacity 11552K, committed 11776K, reserved 1060864K
  class space    used 1186K, capacity 1276K, committed 1280K, reserved 1048576K
}
Event: 1.057 GC heap after
{Heap after GC invocations=2 (full 0):
 garbage-first heap   total 131072K, used 10416K [0x0000000080000000, 0x0000000100000000)
  region size 1024K, 1 young (1024K), 1 survivors (1024K)
 Metaspace       used 11298K, capacity 11552K, committed 11776K, reserved 1060864K
  class space    used 1186K, capacity 1276K, committed 1280K, reserved 1048576K
}
Event: 3.930 GC heap before
{Heap before GC invocations=2 (full 0):
 garbage-first heap   total 131072K, used 63664K [0x0000000080000000, 0x0000000100000000)
  region size 1024K, 53 young (54272K), 1 survivors (1024K)
 Metaspace       used 17786K, capacity 18231K, committed 18432K, reserved 1064960K
  class space    used 2111K, capacity 2252K, committed 2304K, reserved 1048576K
}
Event: 3.935 GC heap after
{Heap after GC invocations=3 (full 0):
 garbage-first heap   total 131072K, used 16506K [0x0000000080000000, 0x0000000100000000)
  region size 1024K, 7 young (7168K), 7 survivors (7168K)
 Metaspace       used 17786K, capacity 18231K, committed 18432K, reserved 1064960K
  class space    used 2111K, capacity 2252K, committed 2304K, reserved 1048576K
}
Event: 4.153 GC heap before
{Heap before GC invocations=3 (full 0):
 garbage-first heap   total 131072K, used 40058K [0x0000000080000000, 0x0000000100000000)
  region size 1024K, 31 young (31744K), 7 survivors (7168K)
 Metaspace       used 20741K, capacity 21180K, committed 21296K, reserved 1069056K
  class space    used 2544K, capacity 2660K, committed 2688K, reserved 1048576K
}
Event: 4.160 GC heap after
{Heap after GC invocations=4 (full 0):
 garbage-first heap   total 131072K, used 17533K [0x0000000080000000, 0x0000000100000000)
  region size 1024K, 1 young (1024K), 1 survivors (1024K)
 Metaspace       used 20741K, capacity 21180K, committed 21296K, reserved 1069056K
  class space    used 2544K, capacity 2660K, committed 2688K, reserved 1048576K
}

