# JRE version: OpenJDK Runtime Environment (11.0.11+9) (build 11.0.11+9-b60-7590822)
# Java VM: OpenJDK 64-Bit Server VM (11.0.11+9-b60-7590822, mixed mode, tiered, compressed oops, g1 gc, windows-amd64)
Heap:
 garbage-first heap   total 189440K, used 138484K [0x0000000080000000, 0x0000000100000000)
  region size 1024K, 19 young (19456K), 5 survivors (5120K)
 Metaspace       used 116722K, capacity 120357K, committed 120604K, reserved 1153024K
  class space    used 14969K, capacity 16243K, committed 16332K, reserved 1048576K
GC Heap History (20 events):
Event: 319.985 GC heap before
{Heap before GC invocations=60 (full 0):
 garbage-first heap   total 189440K, used 162005K [0x0000000080000000, 0x0000000100000000)
  region size 1024K, 43 young (44032K), 2 survivors (2048K)
 Metaspace       used 106196K, capacity 109224K, committed 109340K, reserved 1144832K
  class space    used 13600K, capacity 14691K, committed 14796K, reserved 1048576K
}
Event: 320.055 GC heap after
{Heap after GC invocations=61 (full 0):
 garbage-first heap   total 189440K, used 125241K [0x0000000080000000, 0x0000000100000000)
  region size 1024K, 6 young (6144K), 6 survivors (6144K)
 Metaspace       used 106196K, capacity 109224K, committed 109340K, reserved 1144832K
  class space    used 13600K, capacity 14691K, committed 14796K, reserved 1048576K
}
Event: 320.478 GC heap before
{Heap before GC invocations=62 (full 0):
 garbage-first heap   total 189440K, used 130361K [0x0000000080000000, 0x0000000100000000)
  region size 1024K, 13 young (13312K), 6 survivors (6144K)
 Metaspace       used 106244K, capacity 109224K, committed 109340K, reserved 1144832K
  class space    used 13605K, capacity 14691K, committed 14796K, reserved 1048576K
}
Event: 320.561 GC heap after
{Heap after GC invocations=63 (full 0):
 garbage-first heap   total 189440K, used 125172K [0x0000000080000000, 0x0000000100000000)
  region size 1024K, 2 young (2048K), 2 survivors (2048K)
 Metaspace       used 106244K, capacity 109224K, committed 109340K, reserved 1144832K
  class space    used 13605K, capacity 14691K, committed 14796K, reserved 1048576K
}
Event: 325.982 GC heap before
{Heap before GC invocations=63 (full 0):
 garbage-first heap   total 189440K, used 132340K [0x0000000080000000, 0x0000000100000000)
  region size 1024K, 9 young (9216K), 2 survivors (2048K)
 Metaspace       used 106292K, capacity 109248K, committed 109596K, reserved 1144832K
  class space    used 13608K, capacity 14695K, committed 14796K, reserved 1048576K
}
Event: 325.989 GC heap after
{Heap after GC invocations=64 (full 0):
 garbage-first heap   total 189440K, used 122278K [0x0000000080000000, 0x0000000100000000)
  region size 1024K, 2 young (2048K), 2 survivors (2048K)
 Metaspace       used 106292K, capacity 109248K, committed 109596K, reserved 1144832K
  class space    used 13608K, capacity 14695K, committed 14796K, reserved 1048576K
}
Event: 327.888 GC heap before
{Heap before GC invocations=64 (full 0):
 garbage-first heap   total 189440K, used 129446K [0x0000000080000000, 0x0000000100000000)
  region size 1024K, 10 young (10240K), 2 survivors (2048K)
 Metaspace       used 107306K, capacity 110291K, committed 110492K, reserved 1144832K
  class space    used 13757K, capacity 14851K, committed 14924K, reserved 1048576K
}
Event: 327.891 GC heap after
{Heap after GC invocations=65 (full 0):
 garbage-first heap   total 189440K, used 122514K [0x0000000080000000, 0x0000000100000000)
  region size 1024K, 2 young (2048K), 2 survivors (2048K)
 Metaspace       used 107306K, capacity 110291K, committed 110492K, reserved 1144832K
  class space    used 13757K, capacity 14851K, committed 14924K, reserved 1048576K
}
Event: 329.461 GC heap before
{Heap before GC invocations=66 (full 0):
 garbage-first heap   total 189440K, used 154258K [0x0000000080000000, 0x0000000100000000)
  region size 1024K, 32 young (32768K), 2 survivors (2048K)
 Metaspace       used 108944K, capacity 112057K, committed 112284K, reserved 1146880K
  class space    used 13944K, capacity 15091K, committed 15180K, reserved 1048576K
}
Event: 329.470 GC heap after
{Heap after GC invocations=67 (full 0):
 garbage-first heap   total 189440K, used 123588K [0x0000000080000000, 0x0000000100000000)
  region size 1024K, 3 young (3072K), 3 survivors (3072K)
 Metaspace       used 108944K, capacity 112057K, committed 112284K, reserved 1146880K
  class space    used 13944K, capacity 15091K, committed 15180K, reserved 1048576K
}
Event: 376.662 GC heap before
{Heap before GC invocations=67 (full 0):
 garbage-first heap   total 189440K, used 128708K [0x0000000080000000, 0x0000000100000000)
  region size 1024K, 9 young (9216K), 3 survivors (3072K)
 Metaspace       used 109102K, capacity 112252K, committed 112540K, reserved 1146880K
  class space    used 13965K, capacity 15124K, committed 15180K, reserved 1048576K
}
Event: 376.668 GC heap after
{Heap after GC invocations=68 (full 0):
 garbage-first heap   total 189440K, used 124483K [0x0000000080000000, 0x0000000100000000)
  region size 1024K, 2 young (2048K), 2 survivors (2048K)
 Metaspace       used 109102K, capacity 112252K, committed 112540K, reserved 1146880K
  class space    used 13965K, capacity 15124K, committed 15180K, reserved 1048576K
}
Event: 377.352 GC heap before
{Heap before GC invocations=68 (full 0):
 garbage-first heap   total 189440K, used 154179K [0x0000000080000000, 0x0000000100000000)
  region size 1024K, 32 young (32768K), 2 survivors (2048K)
 Metaspace       used 111105K, capacity 114456K, committed 114716K, reserved 1148928K
  class space    used 14287K, capacity 15490K, committed 15564K, reserved 1048576K
}
Event: 377.362 GC heap after
{Heap after GC invocations=69 (full 0):
 garbage-first heap   total 189440K, used 126518K [0x0000000080000000, 0x0000000100000000)
  region size 1024K, 4 young (4096K), 4 survivors (4096K)
 Metaspace       used 111105K, capacity 114456K, committed 114716K, reserved 1148928K
  class space    used 14287K, capacity 15490K, committed 15564K, reserved 1048576K
}
Event: 377.856 GC heap before
{Heap before GC invocations=70 (full 0):
 garbage-first heap   total 189440K, used 155190K [0x0000000080000000, 0x0000000100000000)
  region size 1024K, 33 young (33792K), 4 survivors (4096K)
 Metaspace       used 113127K, capacity 116490K, committed 116764K, reserved 1150976K
  class space    used 14555K, capacity 15742K, committed 15820K, reserved 1048576K
}
Event: 377.861 GC heap after
{Heap after GC invocations=71 (full 0):
 garbage-first heap   total 189440K, used 128182K [0x0000000080000000, 0x0000000100000000)
  region size 1024K, 4 young (4096K), 4 survivors (4096K)
 Metaspace       used 113127K, capacity 116490K, committed 116764K, reserved 1150976K
  class space    used 14555K, capacity 15742K, committed 15820K, reserved 1048576K
}
Event: 378.118 GC heap before
{Heap before GC invocations=71 (full 0):
 garbage-first heap   total 189440K, used 132278K [0x0000000080000000, 0x0000000100000000)
  region size 1024K, 9 young (9216K), 4 survivors (4096K)
 Metaspace       used 113681K, capacity 117064K, committed 117404K, reserved 1150976K
  class space    used 14625K, capacity 15826K, committed 15948K, reserved 1048576K
}
Event: 378.157 GC heap after
{Heap after GC invocations=72 (full 0):
 garbage-first heap   total 189440K, used 122911K [0x0000000080000000, 0x0000000100000000)
  region size 1024K, 1 young (1024K), 1 survivors (1024K)
 Metaspace       used 113681K, capacity 117064K, committed 117404K, reserved 1150976K
  class space    used 14625K, capacity 15826K, committed 15948K, reserved 1048576K
}
Event: 379.016 GC heap before
{Heap before GC invocations=72 (full 0):
 garbage-first heap   total 189440K, used 156703K [0x0000000080000000, 0x0000000100000000)
  region size 1024K, 34 young (34816K), 1 survivors (1024K)
 Metaspace       used 115594K, capacity 119186K, committed 119452K, reserved 1153024K
  class space    used 14831K, capacity 16096K, committed 16204K, reserved 1048576K
}
Event: 379.026 GC heap after
{Heap after GC invocations=73 (full 0):
 garbage-first heap   total 189440K, used 126196K [0x0000000080000000, 0x0000000100000000)
  region size 1024K, 5 young (5120K), 5 survivors (5120K)
 Metaspace       used 115594K, capacity 119186K, committed 119452K, reserved 1153024K
  class space    used 14831K, capacity 16096K, committed 16204K, reserved 1048576K
}

