# JRE version: OpenJDK Runtime Environment (11.0.11+9) (build 11.0.11+9-b60-7590822)
# Java VM: OpenJDK 64-Bit Server VM (11.0.11+9-b60-7590822, mixed mode, tiered, compressed oops, g1 gc, windows-amd64)
Heap:
 garbage-first heap   total 157696K, used 78145K [0x0000000080000000, 0x0000000100000000)
  region size 1024K, 6 young (6144K), 6 survivors (6144K)
 Metaspace       used 87696K, capacity 89676K, committed 90192K, reserved 1126400K
  class space    used 11387K, capacity 12158K, committed 12416K, reserved 1048576K
GC Heap History (20 events):
Event: 11.710 GC heap after
{Heap after GC invocations=12 (full 0):
 garbage-first heap   total 131072K, used 45914K [0x0000000080000000, 0x0000000100000000)
  region size 1024K, 5 young (5120K), 5 survivors (5120K)
 Metaspace       used 58800K, capacity 60209K, committed 60240K, reserved 1101824K
  class space    used 7477K, capacity 8062K, committed 8064K, reserved 1048576K
}
Event: 12.651 GC heap before
{Heap before GC invocations=13 (full 0):
 garbage-first heap   total 131072K, used 99162K [0x0000000080000000, 0x0000000100000000)
  region size 1024K, 57 young (58368K), 5 survivors (5120K)
 Metaspace       used 63847K, capacity 65293K, committed 65488K, reserved 1105920K
  class space    used 8084K, capacity 8640K, committed 8704K, reserved 1048576K
}
Event: 12.663 GC heap after
{Heap after GC invocations=14 (full 0):
 garbage-first heap   total 131072K, used 50575K [0x0000000080000000, 0x0000000100000000)
  region size 1024K, 6 young (6144K), 6 survivors (6144K)
 Metaspace       used 63847K, capacity 65293K, committed 65488K, reserved 1105920K
  class space    used 8084K, capacity 8640K, committed 8704K, reserved 1048576K
}
Event: 13.347 GC heap before
{Heap before GC invocations=14 (full 0):
 garbage-first heap   total 131072K, used 100751K [0x0000000080000000, 0x0000000100000000)
  region size 1024K, 55 young (56320K), 6 survivors (6144K)
 Metaspace       used 65820K, capacity 67310K, committed 67536K, reserved 1107968K
  class space    used 8363K, capacity 8943K, committed 8960K, reserved 1048576K
}
Event: 13.355 GC heap after
{Heap after GC invocations=15 (full 0):
 garbage-first heap   total 131072K, used 54086K [0x0000000080000000, 0x0000000100000000)
  region size 1024K, 4 young (4096K), 4 survivors (4096K)
 Metaspace       used 65820K, capacity 67310K, committed 67536K, reserved 1107968K
  class space    used 8363K, capacity 8943K, committed 8960K, reserved 1048576K
}
Event: 14.188 GC heap before
{Heap before GC invocations=15 (full 0):
 garbage-first heap   total 131072K, used 103238K [0x0000000080000000, 0x0000000100000000)
  region size 1024K, 52 young (53248K), 4 survivors (4096K)
 Metaspace       used 71102K, capacity 72728K, committed 72784K, reserved 1112064K
  class space    used 9237K, capacity 9842K, committed 9856K, reserved 1048576K
}
Event: 14.199 GC heap after
{Heap after GC invocations=16 (full 0):
 garbage-first heap   total 131072K, used 57606K [0x0000000080000000, 0x0000000100000000)
  region size 1024K, 4 young (4096K), 4 survivors (4096K)
 Metaspace       used 71102K, capacity 72728K, committed 72784K, reserved 1112064K
  class space    used 9237K, capacity 9842K, committed 9856K, reserved 1048576K
}
Event: 15.332 GC heap before
{Heap before GC invocations=16 (full 0):
 garbage-first heap   total 131072K, used 104710K [0x0000000080000000, 0x0000000100000000)
  region size 1024K, 50 young (51200K), 4 survivors (4096K)
 Metaspace       used 76435K, capacity 78205K, committed 78544K, reserved 1118208K
  class space    used 9990K, capacity 10644K, committed 10752K, reserved 1048576K
}
Event: 15.339 GC heap after
{Heap after GC invocations=17 (full 0):
 garbage-first heap   total 131072K, used 59883K [0x0000000080000000, 0x0000000100000000)
  region size 1024K, 6 young (6144K), 6 survivors (6144K)
 Metaspace       used 76435K, capacity 78205K, committed 78544K, reserved 1118208K
  class space    used 9990K, capacity 10644K, committed 10752K, reserved 1048576K
}
Event: 16.722 GC heap before
{Heap before GC invocations=17 (full 0):
 garbage-first heap   total 131072K, used 105963K [0x0000000080000000, 0x0000000100000000)
  region size 1024K, 51 young (52224K), 6 survivors (6144K)
 Metaspace       used 79924K, capacity 81873K, committed 82128K, reserved 1120256K
  class space    used 10498K, capacity 11248K, committed 11264K, reserved 1048576K
}
Event: 16.732 GC heap after
{Heap after GC invocations=18 (full 0):
 garbage-first heap   total 131072K, used 63292K [0x0000000080000000, 0x0000000100000000)
  region size 1024K, 6 young (6144K), 6 survivors (6144K)
 Metaspace       used 79924K, capacity 81873K, committed 82128K, reserved 1120256K
  class space    used 10498K, capacity 11248K, committed 11264K, reserved 1048576K
}
Event: 17.397 GC heap before
{Heap before GC invocations=18 (full 0):
 garbage-first heap   total 131072K, used 106300K [0x0000000080000000, 0x0000000100000000)
  region size 1024K, 49 young (50176K), 6 survivors (6144K)
 Metaspace       used 81503K, capacity 83616K, committed 83664K, reserved 1122304K
  class space    used 10678K, capacity 11483K, committed 11520K, reserved 1048576K
}
Event: 17.408 GC heap after
{Heap after GC invocations=19 (full 0):
 garbage-first heap   total 131072K, used 66100K [0x0000000080000000, 0x0000000100000000)
  region size 1024K, 7 young (7168K), 7 survivors (7168K)
 Metaspace       used 81503K, capacity 83616K, committed 83664K, reserved 1122304K
  class space    used 10678K, capacity 11483K, committed 11520K, reserved 1048576K
}
Event: 18.090 GC heap before
{Heap before GC invocations=19 (full 0):
 garbage-first heap   total 131072K, used 106036K [0x0000000080000000, 0x0000000100000000)
  region size 1024K, 47 young (48128K), 7 survivors (7168K)
 Metaspace       used 83170K, capacity 85389K, committed 85456K, reserved 1122304K
  class space    used 10896K, capacity 11740K, committed 11776K, reserved 1048576K
}
Event: 18.103 GC heap after
{Heap after GC invocations=20 (full 0):
 garbage-first heap   total 131072K, used 68385K [0x0000000080000000, 0x0000000100000000)
  region size 1024K, 5 young (5120K), 5 survivors (5120K)
 Metaspace       used 83170K, capacity 85389K, committed 85456K, reserved 1122304K
  class space    used 10896K, capacity 11740K, committed 11776K, reserved 1048576K
}
Event: 18.650 GC heap before
{Heap before GC invocations=21 (full 0):
 garbage-first heap   total 131072K, used 109345K [0x0000000080000000, 0x0000000100000000)
  region size 1024K, 45 young (46080K), 5 survivors (5120K)
 Metaspace       used 85718K, capacity 87931K, committed 88016K, reserved 1126400K
  class space    used 11199K, capacity 12029K, committed 12032K, reserved 1048576K
}
Event: 18.660 GC heap after
{Heap after GC invocations=22 (full 0):
 garbage-first heap   total 131072K, used 71238K [0x0000000080000000, 0x0000000100000000)
  region size 1024K, 5 young (5120K), 5 survivors (5120K)
 Metaspace       used 85718K, capacity 87931K, committed 88016K, reserved 1126400K
  class space    used 11199K, capacity 12029K, committed 12032K, reserved 1048576K
}
Event: 19.093 GC heap before
{Heap before GC invocations=22 (full 0):
 garbage-first heap   total 131072K, used 108102K [0x0000000080000000, 0x0000000100000000)
  region size 1024K, 42 young (43008K), 5 survivors (5120K)
 Metaspace       used 86906K, capacity 89117K, committed 89168K, reserved 1126400K
  class space    used 11328K, capacity 12150K, committed 12160K, reserved 1048576K
}
Event: 19.102 GC heap after
{Heap after GC invocations=23 (full 0):
 garbage-first heap   total 131072K, used 73954K [0x0000000080000000, 0x0000000100000000)
  region size 1024K, 6 young (6144K), 6 survivors (6144K)
 Metaspace       used 86906K, capacity 89117K, committed 89168K, reserved 1126400K
  class space    used 11328K, capacity 12150K, committed 12160K, reserved 1048576K
}
Event: 19.392 GC heap before
{Heap before GC invocations=24 (full 0):
 garbage-first heap   total 131072K, used 108770K [0x0000000080000000, 0x0000000100000000)
  region size 1024K, 41 young (41984K), 6 survivors (6144K)
 Metaspace       used 87696K, capacity 89676K, committed 90192K, reserved 1126400K
  class space    used 11387K, capacity 12158K, committed 12416K, reserved 1048576K
}

