# JRE version: OpenJDK Runtime Environment (11.0.11+9) (build 11.0.11+9-b60-7590822)
# Java VM: OpenJDK 64-Bit Server VM (11.0.11+9-b60-7590822, mixed mode, tiered, compressed oops, g1 gc, windows-amd64)
Heap:
 garbage-first heap   total 421888K, used 204964K [0x0000000080000000, 0x0000000100000000)
  region size 1024K, 35 young (35840K), 8 survivors (8192K)
 Metaspace       used 135890K, capacity 140536K, committed 140828K, reserved 1171456K
  class space    used 17384K, capacity 19042K, committed 19148K, reserved 1048576K
GC Heap History (20 events):
Event: 246.127 GC heap before
{Heap before GC invocations=103 (full 0):
 garbage-first heap   total 189440K, used 150866K [0x0000000080000000, 0x0000000100000000)
  region size 1024K, 22 young (22528K), 2 survivors (2048K)
 Metaspace       used 124125K, capacity 127938K, committed 128028K, reserved 1161216K
  class space    used 15677K, capacity 17020K, committed 17100K, reserved 1048576K
}
Event: 246.131 GC heap after
{Heap after GC invocations=104 (full 0):
 garbage-first heap   total 189440K, used 131367K [0x0000000080000000, 0x0000000100000000)
  region size 1024K, 3 young (3072K), 3 survivors (3072K)
 Metaspace       used 124125K, capacity 127938K, committed 128028K, reserved 1161216K
  class space    used 15677K, capacity 17020K, committed 17100K, reserved 1048576K
}
Event: 246.489 GC heap before
{Heap before GC invocations=104 (full 0):
 garbage-first heap   total 189440K, used 151847K [0x0000000080000000, 0x0000000100000000)
  region size 1024K, 24 young (24576K), 3 survivors (3072K)
 Metaspace       used 124491K, capacity 128406K, committed 128540K, reserved 1161216K
  class space    used 15720K, capacity 17069K, committed 17100K, reserved 1048576K
}
Event: 246.498 GC heap after
{Heap after GC invocations=105 (full 0):
 garbage-first heap   total 227328K, used 133294K [0x0000000080000000, 0x0000000100000000)
  region size 1024K, 3 young (3072K), 3 survivors (3072K)
 Metaspace       used 124491K, capacity 128406K, committed 128540K, reserved 1161216K
  class space    used 15720K, capacity 17069K, committed 17100K, reserved 1048576K
}
Event: 247.011 GC heap before
{Heap before GC invocations=106 (full 0):
 garbage-first heap   total 227328K, used 171182K [0x0000000080000000, 0x0000000100000000)
  region size 1024K, 41 young (41984K), 3 survivors (3072K)
 Metaspace       used 125485K, capacity 129420K, committed 129564K, reserved 1161216K
  class space    used 15841K, capacity 17232K, committed 17356K, reserved 1048576K
}
Event: 247.020 GC heap after
{Heap after GC invocations=107 (full 0):
 garbage-first heap   total 227328K, used 135676K [0x0000000080000000, 0x0000000100000000)
  region size 1024K, 6 young (6144K), 6 survivors (6144K)
 Metaspace       used 125485K, capacity 129420K, committed 129564K, reserved 1161216K
  class space    used 15841K, capacity 17232K, committed 17356K, reserved 1048576K
}
Event: 247.339 GC heap before
{Heap before GC invocations=107 (full 0):
 garbage-first heap   total 227328K, used 174588K [0x0000000080000000, 0x0000000100000000)
  region size 1024K, 45 young (46080K), 6 survivors (6144K)
 Metaspace       used 125606K, capacity 129568K, committed 129820K, reserved 1161216K
  class space    used 15852K, capacity 17237K, committed 17356K, reserved 1048576K
}
Event: 247.359 GC heap after
{Heap after GC invocations=108 (full 0):
 garbage-first heap   total 227328K, used 139009K [0x0000000080000000, 0x0000000100000000)
  region size 1024K, 6 young (6144K), 6 survivors (6144K)
 Metaspace       used 125606K, capacity 129568K, committed 129820K, reserved 1161216K
  class space    used 15852K, capacity 17237K, committed 17356K, reserved 1048576K
}
Event: 247.648 GC heap before
{Heap before GC invocations=109 (full 0):
 garbage-first heap   total 227328K, used 177921K [0x0000000080000000, 0x0000000100000000)
  region size 1024K, 45 young (46080K), 6 survivors (6144K)
 Metaspace       used 126494K, capacity 130487K, committed 130716K, reserved 1163264K
  class space    used 15980K, capacity 17375K, committed 17484K, reserved 1048576K
}
Event: 247.658 GC heap after
{Heap after GC invocations=110 (full 0):
 garbage-first heap   total 227328K, used 147196K [0x0000000080000000, 0x0000000100000000)
  region size 1024K, 6 young (6144K), 6 survivors (6144K)
 Metaspace       used 126494K, capacity 130487K, committed 130716K, reserved 1163264K
  class space    used 15980K, capacity 17375K, committed 17484K, reserved 1048576K
}
Event: 247.886 GC heap before
{Heap before GC invocations=110 (full 0):
 garbage-first heap   total 227328K, used 183036K [0x0000000080000000, 0x0000000100000000)
  region size 1024K, 42 young (43008K), 6 survivors (6144K)
 Metaspace       used 127947K, capacity 132010K, committed 132252K, reserved 1163264K
  class space    used 16188K, capacity 17626K, committed 17740K, reserved 1048576K
}
Event: 247.901 GC heap after
{Heap after GC invocations=111 (full 0):
 garbage-first heap   total 316416K, used 151850K [0x0000000080000000, 0x0000000100000000)
  region size 1024K, 6 young (6144K), 6 survivors (6144K)
 Metaspace       used 127947K, capacity 132010K, committed 132252K, reserved 1163264K
  class space    used 16188K, capacity 17626K, committed 17740K, reserved 1048576K
}
Event: 248.280 GC heap before
{Heap before GC invocations=112 (full 0):
 garbage-first heap   total 316416K, used 216362K [0x0000000080000000, 0x0000000100000000)
  region size 1024K, 69 young (70656K), 6 survivors (6144K)
 Metaspace       used 129814K, capacity 133953K, committed 134044K, reserved 1165312K
  class space    used 16466K, capacity 17934K, committed 17996K, reserved 1048576K
}
Event: 248.295 GC heap after
{Heap after GC invocations=113 (full 0):
 garbage-first heap   total 316416K, used 157745K [0x0000000080000000, 0x0000000100000000)
  region size 1024K, 8 young (8192K), 8 survivors (8192K)
 Metaspace       used 129814K, capacity 133953K, committed 134044K, reserved 1165312K
  class space    used 16466K, capacity 17934K, committed 17996K, reserved 1048576K
}
Event: 248.460 GC heap before
{Heap before GC invocations=113 (full 0):
 garbage-first heap   total 316416K, used 183345K [0x0000000080000000, 0x0000000100000000)
  region size 1024K, 34 young (34816K), 8 survivors (8192K)
 Metaspace       used 130993K, capacity 135253K, committed 135580K, reserved 1167360K
  class space    used 16676K, capacity 18177K, committed 18252K, reserved 1048576K
}
Event: 248.474 GC heap after
{Heap after GC invocations=114 (full 0):
 garbage-first heap   total 316416K, used 161741K [0x0000000080000000, 0x0000000100000000)
  region size 1024K, 4 young (4096K), 4 survivors (4096K)
 Metaspace       used 130993K, capacity 135253K, committed 135580K, reserved 1167360K
  class space    used 16676K, capacity 18177K, committed 18252K, reserved 1048576K
}
Event: 248.972 GC heap before
{Heap before GC invocations=115 (full 0):
 garbage-first heap   total 316416K, used 231373K [0x0000000080000000, 0x0000000100000000)
  region size 1024K, 71 young (72704K), 4 survivors (4096K)
 Metaspace       used 133316K, capacity 137624K, committed 137756K, reserved 1169408K
  class space    used 17048K, capacity 18567K, committed 18636K, reserved 1048576K
}
Event: 248.988 GC heap after
{Heap after GC invocations=116 (full 0):
 garbage-first heap   total 316416K, used 169114K [0x0000000080000000, 0x0000000100000000)
  region size 1024K, 9 young (9216K), 9 survivors (9216K)
 Metaspace       used 133316K, capacity 137624K, committed 137756K, reserved 1169408K
  class space    used 17048K, capacity 18567K, committed 18636K, reserved 1048576K
}
Event: 249.364 GC heap before
{Heap before GC invocations=116 (full 0):
 garbage-first heap   total 316416K, used 236698K [0x0000000080000000, 0x0000000100000000)
  region size 1024K, 76 young (77824K), 9 survivors (9216K)
 Metaspace       used 135706K, capacity 140337K, committed 140572K, reserved 1171456K
  class space    used 17388K, capacity 19065K, committed 19148K, reserved 1048576K
}
Event: 249.393 GC heap after
{Heap after GC invocations=117 (full 0):
 garbage-first heap   total 421888K, used 177316K [0x0000000080000000, 0x0000000100000000)
  region size 1024K, 8 young (8192K), 8 survivors (8192K)
 Metaspace       used 135706K, capacity 140337K, committed 140572K, reserved 1171456K
  class space    used 17388K, capacity 19065K, committed 19148K, reserved 1048576K
}

