# JRE version: OpenJDK Runtime Environment (11.0.11+9) (build 11.0.11+9-b60-7590822)
# Java VM: OpenJDK 64-Bit Server VM (11.0.11+9-b60-7590822, mixed mode, tiered, compressed oops, g1 gc, windows-amd64)
Heap:
 garbage-first heap   total 157696K, used 97973K [0x0000000080000000, 0x0000000100000000)
  region size 1024K, 41 young (41984K), 8 survivors (8192K)
 Metaspace       used 81787K, capacity 83981K, committed 84136K, reserved 1122304K
  class space    used 10728K, capacity 11577K, committed 11648K, reserved 1048576K
GC Heap History (20 events):
Event: 7.411 GC heap before
{Heap before GC invocations=9 (full 0):
 garbage-first heap   total 131072K, used 76556K [0x0000000080000000, 0x0000000100000000)
  region size 1024K, 55 young (56320K), 7 survivors (7168K)
 Metaspace       used 43360K, capacity 44416K, committed 44572K, reserved 1087488K
  class space    used 5515K, capacity 5908K, committed 6016K, reserved 1048576K
}
Event: 7.420 GC heap after
{Heap after GC invocations=10 (full 0):
 garbage-first heap   total 131072K, used 28780K [0x0000000080000000, 0x0000000100000000)
  region size 1024K, 6 young (6144K), 6 survivors (6144K)
 Metaspace       used 43360K, capacity 44416K, committed 44572K, reserved 1087488K
  class space    used 5515K, capacity 5908K, committed 6016K, reserved 1048576K
}
Event: 8.721 GC heap before
{Heap before GC invocations=10 (full 0):
 garbage-first heap   total 131072K, used 79980K [0x0000000080000000, 0x0000000100000000)
  region size 1024K, 56 young (57344K), 6 survivors (6144K)
 Metaspace       used 46955K, capacity 48069K, committed 48156K, reserved 1091584K
  class space    used 6029K, capacity 6467K, committed 6528K, reserved 1048576K
}
Event: 8.728 GC heap after
{Heap after GC invocations=11 (full 0):
 garbage-first heap   total 131072K, used 31671K [0x0000000080000000, 0x0000000100000000)
  region size 1024K, 6 young (6144K), 6 survivors (6144K)
 Metaspace       used 46955K, capacity 48069K, committed 48156K, reserved 1091584K
  class space    used 6029K, capacity 6467K, committed 6528K, reserved 1048576K
}
Event: 9.758 GC heap before
{Heap before GC invocations=11 (full 0):
 garbage-first heap   total 131072K, used 89015K [0x0000000080000000, 0x0000000100000000)
  region size 1024K, 58 young (59392K), 6 survivors (6144K)
 Metaspace       used 49063K, capacity 50294K, committed 50460K, reserved 1093632K
  class space    used 6281K, capacity 6767K, committed 6784K, reserved 1048576K
}
Event: 9.770 GC heap after
{Heap after GC invocations=12 (full 0):
 garbage-first heap   total 131072K, used 43875K [0x0000000080000000, 0x0000000100000000)
  region size 1024K, 8 young (8192K), 8 survivors (8192K)
 Metaspace       used 49063K, capacity 50294K, committed 50460K, reserved 1093632K
  class space    used 6281K, capacity 6767K, committed 6784K, reserved 1048576K
}
Event: 10.497 GC heap before
{Heap before GC invocations=12 (full 0):
 garbage-first heap   total 131072K, used 92003K [0x0000000080000000, 0x0000000100000000)
  region size 1024K, 55 young (56320K), 8 survivors (8192K)
 Metaspace       used 56097K, capacity 57447K, committed 57756K, reserved 1099776K
  class space    used 7119K, capacity 7616K, committed 7680K, reserved 1048576K
}
Event: 10.504 GC heap after
{Heap after GC invocations=13 (full 0):
 garbage-first heap   total 157696K, used 46338K [0x0000000080000000, 0x0000000100000000)
  region size 1024K, 2 young (2048K), 2 survivors (2048K)
 Metaspace       used 56097K, capacity 57447K, committed 57756K, reserved 1099776K
  class space    used 7119K, capacity 7616K, committed 7680K, reserved 1048576K
}
Event: 10.871 GC heap before
{Heap before GC invocations=13 (full 0):
 garbage-first heap   total 157696K, used 68866K [0x0000000080000000, 0x0000000100000000)
  region size 1024K, 25 young (25600K), 2 survivors (2048K)
 Metaspace       used 59059K, capacity 60441K, committed 60572K, reserved 1101824K
  class space    used 7521K, capacity 8078K, committed 8192K, reserved 1048576K
}
Event: 10.877 GC heap after
{Heap after GC invocations=14 (full 0):
 garbage-first heap   total 157696K, used 47556K [0x0000000080000000, 0x0000000100000000)
  region size 1024K, 4 young (4096K), 4 survivors (4096K)
 Metaspace       used 59059K, capacity 60441K, committed 60572K, reserved 1101824K
  class space    used 7521K, capacity 8078K, committed 8192K, reserved 1048576K
}
Event: 11.622 GC heap before
{Heap before GC invocations=15 (full 0):
 garbage-first heap   total 157696K, used 100804K [0x0000000080000000, 0x0000000100000000)
  region size 1024K, 56 young (57344K), 4 survivors (4096K)
 Metaspace       used 64170K, capacity 65597K, committed 65832K, reserved 1105920K
  class space    used 8123K, capacity 8676K, committed 8704K, reserved 1048576K
}
Event: 11.629 GC heap after
{Heap after GC invocations=16 (full 0):
 garbage-first heap   total 157696K, used 51944K [0x0000000080000000, 0x0000000100000000)
  region size 1024K, 7 young (7168K), 7 survivors (7168K)
 Metaspace       used 64170K, capacity 65597K, committed 65832K, reserved 1105920K
  class space    used 8123K, capacity 8676K, committed 8704K, reserved 1048576K
}
Event: 12.217 GC heap before
{Heap before GC invocations=16 (full 0):
 garbage-first heap   total 157696K, used 106216K [0x0000000080000000, 0x0000000100000000)
  region size 1024K, 60 young (61440K), 7 survivors (7168K)
 Metaspace       used 66559K, capacity 68071K, committed 68264K, reserved 1107968K
  class space    used 8489K, capacity 9071K, committed 9088K, reserved 1048576K
}
Event: 12.225 GC heap after
{Heap after GC invocations=17 (full 0):
 garbage-first heap   total 157696K, used 56064K [0x0000000080000000, 0x0000000100000000)
  region size 1024K, 5 young (5120K), 5 survivors (5120K)
 Metaspace       used 66559K, capacity 68071K, committed 68264K, reserved 1107968K
  class space    used 8489K, capacity 9071K, committed 9088K, reserved 1048576K
}
Event: 13.063 GC heap before
{Heap before GC invocations=17 (full 0):
 garbage-first heap   total 157696K, used 110336K [0x0000000080000000, 0x0000000100000000)
  region size 1024K, 58 young (59392K), 5 survivors (5120K)
 Metaspace       used 72084K, capacity 73653K, committed 73896K, reserved 1114112K
  class space    used 9385K, capacity 10021K, committed 10112K, reserved 1048576K
}
Event: 13.070 GC heap after
{Heap after GC invocations=18 (full 0):
 garbage-first heap   total 157696K, used 58957K [0x0000000080000000, 0x0000000100000000)
  region size 1024K, 8 young (8192K), 8 survivors (8192K)
 Metaspace       used 72084K, capacity 73653K, committed 73896K, reserved 1114112K
  class space    used 9385K, capacity 10021K, committed 10112K, reserved 1048576K
}
Event: 13.925 GC heap before
{Heap before GC invocations=18 (full 0):
 garbage-first heap   total 157696K, used 113229K [0x0000000080000000, 0x0000000100000000)
  region size 1024K, 61 young (62464K), 8 survivors (8192K)
 Metaspace       used 77775K, capacity 79571K, committed 79784K, reserved 1118208K
  class space    used 10143K, capacity 10798K, committed 10880K, reserved 1048576K
}
Event: 13.933 GC heap after
{Heap after GC invocations=19 (full 0):
 garbage-first heap   total 157696K, used 62657K [0x0000000080000000, 0x0000000100000000)
  region size 1024K, 8 young (8192K), 8 survivors (8192K)
 Metaspace       used 77775K, capacity 79571K, committed 79784K, reserved 1118208K
  class space    used 10143K, capacity 10798K, committed 10880K, reserved 1048576K
}
Event: 14.636 GC heap before
{Heap before GC invocations=19 (full 0):
 garbage-first heap   total 157696K, used 115905K [0x0000000080000000, 0x0000000100000000)
  region size 1024K, 61 young (62464K), 8 survivors (8192K)
 Metaspace       used 80408K, capacity 82559K, committed 82728K, reserved 1120256K
  class space    used 10611K, capacity 11460K, committed 11520K, reserved 1048576K
}
Event: 14.647 GC heap after
{Heap after GC invocations=20 (full 0):
 garbage-first heap   total 157696K, used 66229K [0x0000000080000000, 0x0000000100000000)
  region size 1024K, 8 young (8192K), 8 survivors (8192K)
 Metaspace       used 80408K, capacity 82559K, committed 82728K, reserved 1120256K
  class space    used 10611K, capacity 11460K, committed 11520K, reserved 1048576K
}

